ARM GAS  C:\Users\STUDEN~1\AppData\Local\Temp\ccmFtqLb.s 			page 1


   1              		.syntax unified
   2              		.cpu cortex-m0
   3              		.fpu softvfp
   4              		.eabi_attribute 20, 1
   5              		.eabi_attribute 21, 1
   6              		.eabi_attribute 23, 3
   7              		.eabi_attribute 24, 1
   8              		.eabi_attribute 25, 1
   9              		.eabi_attribute 26, 1
  10              		.eabi_attribute 30, 1
  11              		.eabi_attribute 34, 0
  12              		.eabi_attribute 18, 4
  13              		.thumb
  14              		.syntax unified
  15              		.file	"main.c"
  16              		.text
  17              	.Ltext0:
  18              		.cfi_sections	.debug_frame
  19              		.section	.text.main,"ax",%progbits
  20              		.align	2
  21              		.global	main
  22              		.code	16
  23              		.thumb_func
  24              		.type	main, %function
  25              	main:
  26              	.LFB32:
  27              		.file 1 "main.c"
   1:main.c        **** /* ========================================
   2:main.c        ****  *
   3:main.c        ****  * Copyright YOUR COMPANY, THE YEAR
   4:main.c        ****  * All Rights Reserved
   5:main.c        ****  * UNPUBLISHED, LICENSED SOFTWARE.
   6:main.c        ****  *
   7:main.c        ****  * CONFIDENTIAL AND PROPRIETARY INFORMATION
   8:main.c        ****  * WHICH IS THE PROPERTY OF your company.
   9:main.c        ****  *
  10:main.c        ****  * ========================================
  11:main.c        **** */
  12:main.c        **** #include "project.h"
  13:main.c        **** 
  14:main.c        **** int main(void)
  15:main.c        **** {
  28              		.loc 1 15 0
  29              		.cfi_startproc
  30              		@ args = 0, pretend = 0, frame = 0
  31              		@ frame_needed = 0, uses_anonymous_args = 0
  32 0000 10B5     		push	{r4, lr}
  33              		.cfi_def_cfa_offset 8
  34              		.cfi_offset 4, -8
  35              		.cfi_offset 14, -4
  16:main.c        ****     CyGlobalIntEnable; /* Enable global interrupts. */
  36              		.loc 1 16 0
  37              		.syntax divided
  38              	@ 16 "main.c" 1
  39 0002 62B6     		CPSIE   i
  40              	@ 0 "" 2
  41              	.LVL0:
ARM GAS  C:\Users\STUDEN~1\AppData\Local\Temp\ccmFtqLb.s 			page 2


  17:main.c        **** 
  18:main.c        ****     /* Place your initialization/startup code here (e.g. MyInst_Start()) */
  19:main.c        ****     int32 i=32;
  20:main.c        ****     UART_1_Start();
  42              		.loc 1 20 0
  43              		.thumb
  44              		.syntax unified
  45 0004 FFF7FEFF 		bl	UART_1_Start
  46              	.LVL1:
  19:main.c        ****     UART_1_Start();
  47              		.loc 1 19 0
  48 0008 2024     		movs	r4, #32
  49              	.LVL2:
  50              	.L3:
  21:main.c        ****     for(;;)
  22:main.c        ****     {
  23:main.c        ****         /* Place your application code here. */
  24:main.c        ****         UART_1_UartPutCRLF(i);
  51              		.loc 1 24 0
  52 000a 2000     		movs	r0, r4
  53 000c FFF7FEFF 		bl	UART_1_UartPutCRLF
  54              	.LVL3:
  25:main.c        ****         i++;
  55              		.loc 1 25 0
  56 0010 0134     		adds	r4, r4, #1
  57              	.LVL4:
  26:main.c        ****         if(i==127)
  58              		.loc 1 26 0
  59 0012 7F2C     		cmp	r4, #127
  60 0014 00D1     		bne	.L2
  27:main.c        ****         {
  28:main.c        ****             i=32;
  61              		.loc 1 28 0
  62 0016 5F3C     		subs	r4, r4, #95
  63              	.LVL5:
  64              	.L2:
  29:main.c        ****         }
  30:main.c        ****         CyDelay(500);
  65              		.loc 1 30 0
  66 0018 FA20     		movs	r0, #250
  67 001a 4000     		lsls	r0, r0, #1
  68 001c FFF7FEFF 		bl	CyDelay
  69              	.LVL6:
  31:main.c        ****     }
  70              		.loc 1 31 0
  71 0020 F3E7     		b	.L3
  72              		.cfi_endproc
  73              	.LFE32:
  74              		.size	main, .-main
  75 0022 C046     		.text
  76              	.Letext0:
  77              		.file 2 "Generated_Source\\PSoC4/UART_1.h"
  78              		.file 3 "Generated_Source\\PSoC4/UART_1_SPI_UART.h"
  79              		.file 4 "Generated_Source\\PSoC4/CyLib.h"
  80              		.file 5 "Generated_Source\\PSoC4/cytypes.h"
  81              		.section	.debug_info,"",%progbits
  82              	.Ldebug_info0:
ARM GAS  C:\Users\STUDEN~1\AppData\Local\Temp\ccmFtqLb.s 			page 3


  83 0000 0E010000 		.4byte	0x10e
  84 0004 0400     		.2byte	0x4
  85 0006 00000000 		.4byte	.Ldebug_abbrev0
  86 000a 04       		.byte	0x4
  87 000b 01       		.uleb128 0x1
  88 000c 0D010000 		.4byte	.LASF17
  89 0010 0C       		.byte	0xc
  90 0011 1B000000 		.4byte	.LASF18
  91 0015 79000000 		.4byte	.LASF19
  92 0019 00000000 		.4byte	.Ldebug_ranges0+0
  93 001d 00000000 		.4byte	0
  94 0021 00000000 		.4byte	.Ldebug_line0
  95 0025 02       		.uleb128 0x2
  96 0026 01       		.byte	0x1
  97 0027 06       		.byte	0x6
  98 0028 AE010000 		.4byte	.LASF0
  99 002c 02       		.uleb128 0x2
 100 002d 01       		.byte	0x1
 101 002e 08       		.byte	0x8
 102 002f 6B000000 		.4byte	.LASF1
 103 0033 02       		.uleb128 0x2
 104 0034 02       		.byte	0x2
 105 0035 05       		.byte	0x5
 106 0036 C6010000 		.4byte	.LASF2
 107 003a 02       		.uleb128 0x2
 108 003b 02       		.byte	0x2
 109 003c 07       		.byte	0x7
 110 003d 9B010000 		.4byte	.LASF3
 111 0041 02       		.uleb128 0x2
 112 0042 04       		.byte	0x4
 113 0043 05       		.byte	0x5
 114 0044 FD000000 		.4byte	.LASF4
 115 0048 02       		.uleb128 0x2
 116 0049 04       		.byte	0x4
 117 004a 07       		.byte	0x7
 118 004b 2F000000 		.4byte	.LASF5
 119 004f 02       		.uleb128 0x2
 120 0050 08       		.byte	0x8
 121 0051 05       		.byte	0x5
 122 0052 00000000 		.4byte	.LASF6
 123 0056 02       		.uleb128 0x2
 124 0057 08       		.byte	0x8
 125 0058 07       		.byte	0x7
 126 0059 41000000 		.4byte	.LASF7
 127 005d 03       		.uleb128 0x3
 128 005e 04       		.byte	0x4
 129 005f 05       		.byte	0x5
 130 0060 696E7400 		.ascii	"int\000"
 131 0064 02       		.uleb128 0x2
 132 0065 04       		.byte	0x4
 133 0066 07       		.byte	0x7
 134 0067 0E000000 		.4byte	.LASF8
 135 006b 04       		.uleb128 0x4
 136 006c D9010000 		.4byte	.LASF20
 137 0070 05       		.byte	0x5
 138 0071 E901     		.2byte	0x1e9
 139 0073 41000000 		.4byte	0x41
ARM GAS  C:\Users\STUDEN~1\AppData\Local\Temp\ccmFtqLb.s 			page 4


 140 0077 02       		.uleb128 0x2
 141 0078 04       		.byte	0x4
 142 0079 04       		.byte	0x4
 143 007a 58000000 		.4byte	.LASF9
 144 007e 02       		.uleb128 0x2
 145 007f 08       		.byte	0x8
 146 0080 04       		.byte	0x4
 147 0081 06010000 		.4byte	.LASF10
 148 0085 02       		.uleb128 0x2
 149 0086 01       		.byte	0x1
 150 0087 08       		.byte	0x8
 151 0088 E5000000 		.4byte	.LASF11
 152 008c 02       		.uleb128 0x2
 153 008d 08       		.byte	0x8
 154 008e 04       		.byte	0x4
 155 008f BA010000 		.4byte	.LASF12
 156 0093 02       		.uleb128 0x2
 157 0094 04       		.byte	0x4
 158 0095 07       		.byte	0x7
 159 0096 D0010000 		.4byte	.LASF13
 160 009a 05       		.uleb128 0x5
 161 009b 22000000 		.4byte	.LASF21
 162 009f 01       		.byte	0x1
 163 00a0 0E       		.byte	0xe
 164 00a1 5D000000 		.4byte	0x5d
 165 00a5 00000000 		.4byte	.LFB32
 166 00a9 22000000 		.4byte	.LFE32-.LFB32
 167 00ad 01       		.uleb128 0x1
 168 00ae 9C       		.byte	0x9c
 169 00af EF000000 		.4byte	0xef
 170 00b3 06       		.uleb128 0x6
 171 00b4 6900     		.ascii	"i\000"
 172 00b6 01       		.byte	0x1
 173 00b7 13       		.byte	0x13
 174 00b8 6B000000 		.4byte	0x6b
 175 00bc 00000000 		.4byte	.LLST0
 176 00c0 07       		.uleb128 0x7
 177 00c1 08000000 		.4byte	.LVL1
 178 00c5 EF000000 		.4byte	0xef
 179 00c9 08       		.uleb128 0x8
 180 00ca 10000000 		.4byte	.LVL3
 181 00ce FA000000 		.4byte	0xfa
 182 00d2 DD000000 		.4byte	0xdd
 183 00d6 09       		.uleb128 0x9
 184 00d7 01       		.uleb128 0x1
 185 00d8 50       		.byte	0x50
 186 00d9 02       		.uleb128 0x2
 187 00da 74       		.byte	0x74
 188 00db 00       		.sleb128 0
 189 00dc 00       		.byte	0
 190 00dd 0A       		.uleb128 0xa
 191 00de 20000000 		.4byte	.LVL6
 192 00e2 06010000 		.4byte	0x106
 193 00e6 09       		.uleb128 0x9
 194 00e7 01       		.uleb128 0x1
 195 00e8 50       		.byte	0x50
 196 00e9 03       		.uleb128 0x3
ARM GAS  C:\Users\STUDEN~1\AppData\Local\Temp\ccmFtqLb.s 			page 5


 197 00ea 0A       		.byte	0xa
 198 00eb F401     		.2byte	0x1f4
 199 00ed 00       		.byte	0
 200 00ee 00       		.byte	0
 201 00ef 0B       		.uleb128 0xb
 202 00f0 5E000000 		.4byte	.LASF14
 203 00f4 5E000000 		.4byte	.LASF14
 204 00f8 02       		.byte	0x2
 205 00f9 72       		.byte	0x72
 206 00fa 0C       		.uleb128 0xc
 207 00fb EA000000 		.4byte	.LASF15
 208 00ff EA000000 		.4byte	.LASF15
 209 0103 03       		.byte	0x3
 210 0104 2B03     		.2byte	0x32b
 211 0106 0B       		.uleb128 0xb
 212 0107 27000000 		.4byte	.LASF16
 213 010b 27000000 		.4byte	.LASF16
 214 010f 04       		.byte	0x4
 215 0110 D9       		.byte	0xd9
 216 0111 00       		.byte	0
 217              		.section	.debug_abbrev,"",%progbits
 218              	.Ldebug_abbrev0:
 219 0000 01       		.uleb128 0x1
 220 0001 11       		.uleb128 0x11
 221 0002 01       		.byte	0x1
 222 0003 25       		.uleb128 0x25
 223 0004 0E       		.uleb128 0xe
 224 0005 13       		.uleb128 0x13
 225 0006 0B       		.uleb128 0xb
 226 0007 03       		.uleb128 0x3
 227 0008 0E       		.uleb128 0xe
 228 0009 1B       		.uleb128 0x1b
 229 000a 0E       		.uleb128 0xe
 230 000b 55       		.uleb128 0x55
 231 000c 17       		.uleb128 0x17
 232 000d 11       		.uleb128 0x11
 233 000e 01       		.uleb128 0x1
 234 000f 10       		.uleb128 0x10
 235 0010 17       		.uleb128 0x17
 236 0011 00       		.byte	0
 237 0012 00       		.byte	0
 238 0013 02       		.uleb128 0x2
 239 0014 24       		.uleb128 0x24
 240 0015 00       		.byte	0
 241 0016 0B       		.uleb128 0xb
 242 0017 0B       		.uleb128 0xb
 243 0018 3E       		.uleb128 0x3e
 244 0019 0B       		.uleb128 0xb
 245 001a 03       		.uleb128 0x3
 246 001b 0E       		.uleb128 0xe
 247 001c 00       		.byte	0
 248 001d 00       		.byte	0
 249 001e 03       		.uleb128 0x3
 250 001f 24       		.uleb128 0x24
 251 0020 00       		.byte	0
 252 0021 0B       		.uleb128 0xb
 253 0022 0B       		.uleb128 0xb
ARM GAS  C:\Users\STUDEN~1\AppData\Local\Temp\ccmFtqLb.s 			page 6


 254 0023 3E       		.uleb128 0x3e
 255 0024 0B       		.uleb128 0xb
 256 0025 03       		.uleb128 0x3
 257 0026 08       		.uleb128 0x8
 258 0027 00       		.byte	0
 259 0028 00       		.byte	0
 260 0029 04       		.uleb128 0x4
 261 002a 16       		.uleb128 0x16
 262 002b 00       		.byte	0
 263 002c 03       		.uleb128 0x3
 264 002d 0E       		.uleb128 0xe
 265 002e 3A       		.uleb128 0x3a
 266 002f 0B       		.uleb128 0xb
 267 0030 3B       		.uleb128 0x3b
 268 0031 05       		.uleb128 0x5
 269 0032 49       		.uleb128 0x49
 270 0033 13       		.uleb128 0x13
 271 0034 00       		.byte	0
 272 0035 00       		.byte	0
 273 0036 05       		.uleb128 0x5
 274 0037 2E       		.uleb128 0x2e
 275 0038 01       		.byte	0x1
 276 0039 3F       		.uleb128 0x3f
 277 003a 19       		.uleb128 0x19
 278 003b 03       		.uleb128 0x3
 279 003c 0E       		.uleb128 0xe
 280 003d 3A       		.uleb128 0x3a
 281 003e 0B       		.uleb128 0xb
 282 003f 3B       		.uleb128 0x3b
 283 0040 0B       		.uleb128 0xb
 284 0041 27       		.uleb128 0x27
 285 0042 19       		.uleb128 0x19
 286 0043 49       		.uleb128 0x49
 287 0044 13       		.uleb128 0x13
 288 0045 8701     		.uleb128 0x87
 289 0047 19       		.uleb128 0x19
 290 0048 11       		.uleb128 0x11
 291 0049 01       		.uleb128 0x1
 292 004a 12       		.uleb128 0x12
 293 004b 06       		.uleb128 0x6
 294 004c 40       		.uleb128 0x40
 295 004d 18       		.uleb128 0x18
 296 004e 9742     		.uleb128 0x2117
 297 0050 19       		.uleb128 0x19
 298 0051 01       		.uleb128 0x1
 299 0052 13       		.uleb128 0x13
 300 0053 00       		.byte	0
 301 0054 00       		.byte	0
 302 0055 06       		.uleb128 0x6
 303 0056 34       		.uleb128 0x34
 304 0057 00       		.byte	0
 305 0058 03       		.uleb128 0x3
 306 0059 08       		.uleb128 0x8
 307 005a 3A       		.uleb128 0x3a
 308 005b 0B       		.uleb128 0xb
 309 005c 3B       		.uleb128 0x3b
 310 005d 0B       		.uleb128 0xb
ARM GAS  C:\Users\STUDEN~1\AppData\Local\Temp\ccmFtqLb.s 			page 7


 311 005e 49       		.uleb128 0x49
 312 005f 13       		.uleb128 0x13
 313 0060 02       		.uleb128 0x2
 314 0061 17       		.uleb128 0x17
 315 0062 00       		.byte	0
 316 0063 00       		.byte	0
 317 0064 07       		.uleb128 0x7
 318 0065 898201   		.uleb128 0x4109
 319 0068 00       		.byte	0
 320 0069 11       		.uleb128 0x11
 321 006a 01       		.uleb128 0x1
 322 006b 31       		.uleb128 0x31
 323 006c 13       		.uleb128 0x13
 324 006d 00       		.byte	0
 325 006e 00       		.byte	0
 326 006f 08       		.uleb128 0x8
 327 0070 898201   		.uleb128 0x4109
 328 0073 01       		.byte	0x1
 329 0074 11       		.uleb128 0x11
 330 0075 01       		.uleb128 0x1
 331 0076 31       		.uleb128 0x31
 332 0077 13       		.uleb128 0x13
 333 0078 01       		.uleb128 0x1
 334 0079 13       		.uleb128 0x13
 335 007a 00       		.byte	0
 336 007b 00       		.byte	0
 337 007c 09       		.uleb128 0x9
 338 007d 8A8201   		.uleb128 0x410a
 339 0080 00       		.byte	0
 340 0081 02       		.uleb128 0x2
 341 0082 18       		.uleb128 0x18
 342 0083 9142     		.uleb128 0x2111
 343 0085 18       		.uleb128 0x18
 344 0086 00       		.byte	0
 345 0087 00       		.byte	0
 346 0088 0A       		.uleb128 0xa
 347 0089 898201   		.uleb128 0x4109
 348 008c 01       		.byte	0x1
 349 008d 11       		.uleb128 0x11
 350 008e 01       		.uleb128 0x1
 351 008f 31       		.uleb128 0x31
 352 0090 13       		.uleb128 0x13
 353 0091 00       		.byte	0
 354 0092 00       		.byte	0
 355 0093 0B       		.uleb128 0xb
 356 0094 2E       		.uleb128 0x2e
 357 0095 00       		.byte	0
 358 0096 3F       		.uleb128 0x3f
 359 0097 19       		.uleb128 0x19
 360 0098 3C       		.uleb128 0x3c
 361 0099 19       		.uleb128 0x19
 362 009a 6E       		.uleb128 0x6e
 363 009b 0E       		.uleb128 0xe
 364 009c 03       		.uleb128 0x3
 365 009d 0E       		.uleb128 0xe
 366 009e 3A       		.uleb128 0x3a
 367 009f 0B       		.uleb128 0xb
ARM GAS  C:\Users\STUDEN~1\AppData\Local\Temp\ccmFtqLb.s 			page 8


 368 00a0 3B       		.uleb128 0x3b
 369 00a1 0B       		.uleb128 0xb
 370 00a2 00       		.byte	0
 371 00a3 00       		.byte	0
 372 00a4 0C       		.uleb128 0xc
 373 00a5 2E       		.uleb128 0x2e
 374 00a6 00       		.byte	0
 375 00a7 3F       		.uleb128 0x3f
 376 00a8 19       		.uleb128 0x19
 377 00a9 3C       		.uleb128 0x3c
 378 00aa 19       		.uleb128 0x19
 379 00ab 6E       		.uleb128 0x6e
 380 00ac 0E       		.uleb128 0xe
 381 00ad 03       		.uleb128 0x3
 382 00ae 0E       		.uleb128 0xe
 383 00af 3A       		.uleb128 0x3a
 384 00b0 0B       		.uleb128 0xb
 385 00b1 3B       		.uleb128 0x3b
 386 00b2 05       		.uleb128 0x5
 387 00b3 00       		.byte	0
 388 00b4 00       		.byte	0
 389 00b5 00       		.byte	0
 390              		.section	.debug_loc,"",%progbits
 391              	.Ldebug_loc0:
 392              	.LLST0:
 393 0000 04000000 		.4byte	.LVL0
 394 0004 0A000000 		.4byte	.LVL2
 395 0008 0300     		.2byte	0x3
 396 000a 08       		.byte	0x8
 397 000b 20       		.byte	0x20
 398 000c 9F       		.byte	0x9f
 399 000d 0A000000 		.4byte	.LVL2
 400 0011 22000000 		.4byte	.LFE32
 401 0015 0100     		.2byte	0x1
 402 0017 54       		.byte	0x54
 403 0018 00000000 		.4byte	0
 404 001c 00000000 		.4byte	0
 405              		.section	.debug_aranges,"",%progbits
 406 0000 1C000000 		.4byte	0x1c
 407 0004 0200     		.2byte	0x2
 408 0006 00000000 		.4byte	.Ldebug_info0
 409 000a 04       		.byte	0x4
 410 000b 00       		.byte	0
 411 000c 0000     		.2byte	0
 412 000e 0000     		.2byte	0
 413 0010 00000000 		.4byte	.LFB32
 414 0014 22000000 		.4byte	.LFE32-.LFB32
 415 0018 00000000 		.4byte	0
 416 001c 00000000 		.4byte	0
 417              		.section	.debug_ranges,"",%progbits
 418              	.Ldebug_ranges0:
 419 0000 00000000 		.4byte	.LFB32
 420 0004 22000000 		.4byte	.LFE32
 421 0008 00000000 		.4byte	0
 422 000c 00000000 		.4byte	0
 423              		.section	.debug_line,"",%progbits
 424              	.Ldebug_line0:
ARM GAS  C:\Users\STUDEN~1\AppData\Local\Temp\ccmFtqLb.s 			page 9


 425 0000 8B000000 		.section	.debug_str,"MS",%progbits,1
 425      02006D00 
 425      00000201 
 425      FB0E0D00 
 425      01010101 
 426              	.LASF6:
 427 0000 6C6F6E67 		.ascii	"long long int\000"
 427      206C6F6E 
 427      6720696E 
 427      7400
 428              	.LASF8:
 429 000e 756E7369 		.ascii	"unsigned int\000"
 429      676E6564 
 429      20696E74 
 429      00
 430              	.LASF18:
 431 001b 6D61696E 		.ascii	"main.c\000"
 431      2E6300
 432              	.LASF21:
 433 0022 6D61696E 		.ascii	"main\000"
 433      00
 434              	.LASF16:
 435 0027 43794465 		.ascii	"CyDelay\000"
 435      6C617900 
 436              	.LASF5:
 437 002f 6C6F6E67 		.ascii	"long unsigned int\000"
 437      20756E73 
 437      69676E65 
 437      6420696E 
 437      7400
 438              	.LASF7:
 439 0041 6C6F6E67 		.ascii	"long long unsigned int\000"
 439      206C6F6E 
 439      6720756E 
 439      7369676E 
 439      65642069 
 440              	.LASF9:
 441 0058 666C6F61 		.ascii	"float\000"
 441      7400
 442              	.LASF14:
 443 005e 55415254 		.ascii	"UART_1_Start\000"
 443      5F315F53 
 443      74617274 
 443      00
 444              	.LASF1:
 445 006b 756E7369 		.ascii	"unsigned char\000"
 445      676E6564 
 445      20636861 
 445      7200
 446              	.LASF19:
 447 0079 433A5C55 		.ascii	"C:\\Users\\Student_11\\Documents\\PSoC Creator\\Vol"
 447      73657273 
 447      5C537475 
 447      64656E74 
 447      5F31315C 
 448 00a7 6F647961 		.ascii	"odya\\POLITEX-MODEMS\\VolodyaRadioengenner\\laba2\\"
 448      5C504F4C 
ARM GAS  C:\Users\STUDEN~1\AppData\Local\Temp\ccmFtqLb.s 			page 10


 448      49544558 
 448      2D4D4F44 
 448      454D535C 
 449 00d6 44657369 		.ascii	"Design02.cydsn\000"
 449      676E3032 
 449      2E637964 
 449      736E00
 450              	.LASF11:
 451 00e5 63686172 		.ascii	"char\000"
 451      00
 452              	.LASF15:
 453 00ea 55415254 		.ascii	"UART_1_UartPutCRLF\000"
 453      5F315F55 
 453      61727450 
 453      75744352 
 453      4C4600
 454              	.LASF4:
 455 00fd 6C6F6E67 		.ascii	"long int\000"
 455      20696E74 
 455      00
 456              	.LASF10:
 457 0106 646F7562 		.ascii	"double\000"
 457      6C6500
 458              	.LASF17:
 459 010d 474E5520 		.ascii	"GNU C11 5.4.1 20160609 (release) [ARM/embedded-5-br"
 459      43313120 
 459      352E342E 
 459      31203230 
 459      31363036 
 460 0140 616E6368 		.ascii	"anch revision 237715] -mcpu=cortex-m0 -mthumb -g -O"
 460      20726576 
 460      6973696F 
 460      6E203233 
 460      37373135 
 461 0173 67202D66 		.ascii	"g -ffunction-sections -ffat-lto-objects\000"
 461      66756E63 
 461      74696F6E 
 461      2D736563 
 461      74696F6E 
 462              	.LASF3:
 463 019b 73686F72 		.ascii	"short unsigned int\000"
 463      7420756E 
 463      7369676E 
 463      65642069 
 463      6E7400
 464              	.LASF0:
 465 01ae 7369676E 		.ascii	"signed char\000"
 465      65642063 
 465      68617200 
 466              	.LASF12:
 467 01ba 6C6F6E67 		.ascii	"long double\000"
 467      20646F75 
 467      626C6500 
 468              	.LASF2:
 469 01c6 73686F72 		.ascii	"short int\000"
 469      7420696E 
 469      7400
ARM GAS  C:\Users\STUDEN~1\AppData\Local\Temp\ccmFtqLb.s 			page 11


 470              	.LASF13:
 471 01d0 73697A65 		.ascii	"sizetype\000"
 471      74797065 
 471      00
 472              	.LASF20:
 473 01d9 696E7433 		.ascii	"int32\000"
 473      3200
 474              		.ident	"GCC: (GNU Tools for ARM Embedded Processors) 5.4.1 20160609 (release) [ARM/embedded-5-bran
