ARM GAS  C:\Users\STUDEN~1\AppData\Local\Temp\ccyLgvMu.s 			page 1


   1              		.syntax unified
   2              		.cpu cortex-m0
   3              		.fpu softvfp
   4              		.eabi_attribute 20, 1
   5              		.eabi_attribute 21, 1
   6              		.eabi_attribute 23, 3
   7              		.eabi_attribute 24, 1
   8              		.eabi_attribute 25, 1
   9              		.eabi_attribute 26, 1
  10              		.eabi_attribute 30, 1
  11              		.eabi_attribute 34, 0
  12              		.eabi_attribute 18, 4
  13              		.thumb
  14              		.syntax unified
  15              		.file	"cyfitter_cfg.c"
  16              		.text
  17              	.Ltext0:
  18              		.cfi_sections	.debug_frame
  19              		.section	.text.cfg_write_bytes32,"ax",%progbits
  20              		.align	2
  21              		.code	16
  22              		.thumb_func
  23              		.type	cfg_write_bytes32, %function
  24              	cfg_write_bytes32:
  25              	.LFB3:
  26              		.file 1 "Generated_Source\\PSoC4\\cyfitter_cfg.c"
   1:Generated_Source\PSoC4/cyfitter_cfg.c **** 
   2:Generated_Source\PSoC4/cyfitter_cfg.c **** /*******************************************************************************
   3:Generated_Source\PSoC4/cyfitter_cfg.c **** * File Name: cyfitter_cfg.c
   4:Generated_Source\PSoC4/cyfitter_cfg.c **** * 
   5:Generated_Source\PSoC4/cyfitter_cfg.c **** * PSoC Creator  4.2
   6:Generated_Source\PSoC4/cyfitter_cfg.c **** *
   7:Generated_Source\PSoC4/cyfitter_cfg.c **** * Description:
   8:Generated_Source\PSoC4/cyfitter_cfg.c **** * This file contains device initialization code.
   9:Generated_Source\PSoC4/cyfitter_cfg.c **** * Except for the user defined sections in CyClockStartupError(), this file should not be modified.
  10:Generated_Source\PSoC4/cyfitter_cfg.c **** * This file is automatically generated by PSoC Creator.
  11:Generated_Source\PSoC4/cyfitter_cfg.c **** *
  12:Generated_Source\PSoC4/cyfitter_cfg.c **** ********************************************************************************
  13:Generated_Source\PSoC4/cyfitter_cfg.c **** * Copyright (c) 2007-2018 Cypress Semiconductor.  All rights reserved.
  14:Generated_Source\PSoC4/cyfitter_cfg.c **** * You may use this file only in accordance with the license, terms, conditions, 
  15:Generated_Source\PSoC4/cyfitter_cfg.c **** * disclaimers, and limitations in the end user license agreement accompanying 
  16:Generated_Source\PSoC4/cyfitter_cfg.c **** * the software package with which this file was provided.
  17:Generated_Source\PSoC4/cyfitter_cfg.c **** ********************************************************************************/
  18:Generated_Source\PSoC4/cyfitter_cfg.c **** 
  19:Generated_Source\PSoC4/cyfitter_cfg.c **** #include <string.h>
  20:Generated_Source\PSoC4/cyfitter_cfg.c **** #include "cytypes.h"
  21:Generated_Source\PSoC4/cyfitter_cfg.c **** #include "cydevice_trm.h"
  22:Generated_Source\PSoC4/cyfitter_cfg.c **** #include "cyfitter.h"
  23:Generated_Source\PSoC4/cyfitter_cfg.c **** #include "CyLib.h"
  24:Generated_Source\PSoC4/cyfitter_cfg.c **** #include "CyLFClk.h"
  25:Generated_Source\PSoC4/cyfitter_cfg.c **** #include "cyfitter_cfg.h"
  26:Generated_Source\PSoC4/cyfitter_cfg.c **** #include "cyapicallbacks.h"
  27:Generated_Source\PSoC4/cyfitter_cfg.c **** 
  28:Generated_Source\PSoC4/cyfitter_cfg.c **** 
  29:Generated_Source\PSoC4/cyfitter_cfg.c **** #if defined(__GNUC__) || defined(__ARMCC_VERSION)
  30:Generated_Source\PSoC4/cyfitter_cfg.c ****     #define CYPACKED 
  31:Generated_Source\PSoC4/cyfitter_cfg.c ****     #define CYPACKED_ATTR __attribute__ ((packed))
ARM GAS  C:\Users\STUDEN~1\AppData\Local\Temp\ccyLgvMu.s 			page 2


  32:Generated_Source\PSoC4/cyfitter_cfg.c ****     #define CYALIGNED __attribute__ ((aligned))
  33:Generated_Source\PSoC4/cyfitter_cfg.c ****     #define CY_CFG_UNUSED __attribute__ ((unused))
  34:Generated_Source\PSoC4/cyfitter_cfg.c ****     #ifndef CY_CFG_SECTION
  35:Generated_Source\PSoC4/cyfitter_cfg.c ****         #define CY_CFG_SECTION __attribute__ ((section(".psocinit")))
  36:Generated_Source\PSoC4/cyfitter_cfg.c ****     #endif
  37:Generated_Source\PSoC4/cyfitter_cfg.c ****     
  38:Generated_Source\PSoC4/cyfitter_cfg.c ****     #if defined(__ARMCC_VERSION)
  39:Generated_Source\PSoC4/cyfitter_cfg.c ****         #define CY_CFG_MEMORY_BARRIER() __memory_changed()
  40:Generated_Source\PSoC4/cyfitter_cfg.c ****     #else
  41:Generated_Source\PSoC4/cyfitter_cfg.c ****         #define CY_CFG_MEMORY_BARRIER() __sync_synchronize()
  42:Generated_Source\PSoC4/cyfitter_cfg.c ****     #endif
  43:Generated_Source\PSoC4/cyfitter_cfg.c ****     
  44:Generated_Source\PSoC4/cyfitter_cfg.c **** #elif defined(__ICCARM__)
  45:Generated_Source\PSoC4/cyfitter_cfg.c ****     #include <intrinsics.h>
  46:Generated_Source\PSoC4/cyfitter_cfg.c **** 
  47:Generated_Source\PSoC4/cyfitter_cfg.c ****     #define CYPACKED __packed
  48:Generated_Source\PSoC4/cyfitter_cfg.c ****     #define CYPACKED_ATTR 
  49:Generated_Source\PSoC4/cyfitter_cfg.c ****     #define CYALIGNED _Pragma("data_alignment=4")
  50:Generated_Source\PSoC4/cyfitter_cfg.c ****     #define CY_CFG_UNUSED _Pragma("diag_suppress=Pe177")
  51:Generated_Source\PSoC4/cyfitter_cfg.c ****     #define CY_CFG_SECTION _Pragma("location=\".psocinit\"")
  52:Generated_Source\PSoC4/cyfitter_cfg.c ****     
  53:Generated_Source\PSoC4/cyfitter_cfg.c ****     #define CY_CFG_MEMORY_BARRIER() __DMB()
  54:Generated_Source\PSoC4/cyfitter_cfg.c ****     
  55:Generated_Source\PSoC4/cyfitter_cfg.c **** #else
  56:Generated_Source\PSoC4/cyfitter_cfg.c ****     #error Unsupported toolchain
  57:Generated_Source\PSoC4/cyfitter_cfg.c **** #endif
  58:Generated_Source\PSoC4/cyfitter_cfg.c **** 
  59:Generated_Source\PSoC4/cyfitter_cfg.c **** #ifndef CYCODE
  60:Generated_Source\PSoC4/cyfitter_cfg.c ****     #define CYCODE
  61:Generated_Source\PSoC4/cyfitter_cfg.c **** #endif
  62:Generated_Source\PSoC4/cyfitter_cfg.c **** #ifndef CYDATA
  63:Generated_Source\PSoC4/cyfitter_cfg.c ****     #define CYDATA
  64:Generated_Source\PSoC4/cyfitter_cfg.c **** #endif
  65:Generated_Source\PSoC4/cyfitter_cfg.c **** #ifndef CYFAR
  66:Generated_Source\PSoC4/cyfitter_cfg.c ****     #define CYFAR
  67:Generated_Source\PSoC4/cyfitter_cfg.c **** #endif
  68:Generated_Source\PSoC4/cyfitter_cfg.c **** #ifndef CYXDATA
  69:Generated_Source\PSoC4/cyfitter_cfg.c ****     #define CYXDATA
  70:Generated_Source\PSoC4/cyfitter_cfg.c **** #endif
  71:Generated_Source\PSoC4/cyfitter_cfg.c **** 
  72:Generated_Source\PSoC4/cyfitter_cfg.c **** 
  73:Generated_Source\PSoC4/cyfitter_cfg.c **** CY_CFG_UNUSED
  74:Generated_Source\PSoC4/cyfitter_cfg.c **** static void CYMEMZERO(void *s, size_t n);
  75:Generated_Source\PSoC4/cyfitter_cfg.c **** CY_CFG_UNUSED
  76:Generated_Source\PSoC4/cyfitter_cfg.c **** static void CYMEMZERO(void *s, size_t n)
  77:Generated_Source\PSoC4/cyfitter_cfg.c **** {
  78:Generated_Source\PSoC4/cyfitter_cfg.c **** 	(void)memset(s, 0, n);
  79:Generated_Source\PSoC4/cyfitter_cfg.c **** }
  80:Generated_Source\PSoC4/cyfitter_cfg.c **** CY_CFG_UNUSED
  81:Generated_Source\PSoC4/cyfitter_cfg.c **** static void CYCONFIGCPY(void *dest, const void *src, size_t n);
  82:Generated_Source\PSoC4/cyfitter_cfg.c **** CY_CFG_UNUSED
  83:Generated_Source\PSoC4/cyfitter_cfg.c **** static void CYCONFIGCPY(void *dest, const void *src, size_t n)
  84:Generated_Source\PSoC4/cyfitter_cfg.c **** {
  85:Generated_Source\PSoC4/cyfitter_cfg.c **** 	(void)memcpy(dest, src, n);
  86:Generated_Source\PSoC4/cyfitter_cfg.c **** }
  87:Generated_Source\PSoC4/cyfitter_cfg.c **** CY_CFG_UNUSED
  88:Generated_Source\PSoC4/cyfitter_cfg.c **** static void CYCONFIGCPYCODE(void *dest, const void *src, size_t n);
ARM GAS  C:\Users\STUDEN~1\AppData\Local\Temp\ccyLgvMu.s 			page 3


  89:Generated_Source\PSoC4/cyfitter_cfg.c **** CY_CFG_UNUSED
  90:Generated_Source\PSoC4/cyfitter_cfg.c **** static void CYCONFIGCPYCODE(void *dest, const void *src, size_t n)
  91:Generated_Source\PSoC4/cyfitter_cfg.c **** {
  92:Generated_Source\PSoC4/cyfitter_cfg.c **** 	(void)memcpy(dest, src, n);
  93:Generated_Source\PSoC4/cyfitter_cfg.c **** }
  94:Generated_Source\PSoC4/cyfitter_cfg.c **** 
  95:Generated_Source\PSoC4/cyfitter_cfg.c **** 
  96:Generated_Source\PSoC4/cyfitter_cfg.c **** 
  97:Generated_Source\PSoC4/cyfitter_cfg.c **** 
  98:Generated_Source\PSoC4/cyfitter_cfg.c **** /* Clock startup error codes                                                   */
  99:Generated_Source\PSoC4/cyfitter_cfg.c **** #define CYCLOCKSTART_NO_ERROR    0u
 100:Generated_Source\PSoC4/cyfitter_cfg.c **** #define CYCLOCKSTART_XTAL_ERROR  1u
 101:Generated_Source\PSoC4/cyfitter_cfg.c **** #define CYCLOCKSTART_32KHZ_ERROR 2u
 102:Generated_Source\PSoC4/cyfitter_cfg.c **** #define CYCLOCKSTART_PLL_ERROR   3u
 103:Generated_Source\PSoC4/cyfitter_cfg.c **** #define CYCLOCKSTART_FLL_ERROR   4u
 104:Generated_Source\PSoC4/cyfitter_cfg.c **** #define CYCLOCKSTART_WCO_ERROR   5u
 105:Generated_Source\PSoC4/cyfitter_cfg.c **** 
 106:Generated_Source\PSoC4/cyfitter_cfg.c **** 
 107:Generated_Source\PSoC4/cyfitter_cfg.c **** #ifdef CY_NEED_CYCLOCKSTARTUPERROR
 108:Generated_Source\PSoC4/cyfitter_cfg.c **** /*******************************************************************************
 109:Generated_Source\PSoC4/cyfitter_cfg.c **** * Function Name: CyClockStartupError
 110:Generated_Source\PSoC4/cyfitter_cfg.c **** ********************************************************************************
 111:Generated_Source\PSoC4/cyfitter_cfg.c **** * Summary:
 112:Generated_Source\PSoC4/cyfitter_cfg.c **** *  If an error is encountered during clock configuration (crystal startup error,
 113:Generated_Source\PSoC4/cyfitter_cfg.c **** *  PLL lock error, etc.), the system will end up here.  Unless reimplemented by
 114:Generated_Source\PSoC4/cyfitter_cfg.c **** *  the customer, this function will stop in an infinite loop.
 115:Generated_Source\PSoC4/cyfitter_cfg.c **** *
 116:Generated_Source\PSoC4/cyfitter_cfg.c **** * Parameters:
 117:Generated_Source\PSoC4/cyfitter_cfg.c **** *   void
 118:Generated_Source\PSoC4/cyfitter_cfg.c **** *
 119:Generated_Source\PSoC4/cyfitter_cfg.c **** * Return:
 120:Generated_Source\PSoC4/cyfitter_cfg.c **** *   void
 121:Generated_Source\PSoC4/cyfitter_cfg.c **** *
 122:Generated_Source\PSoC4/cyfitter_cfg.c **** *******************************************************************************/
 123:Generated_Source\PSoC4/cyfitter_cfg.c **** CY_CFG_UNUSED
 124:Generated_Source\PSoC4/cyfitter_cfg.c **** static void CyClockStartupError(uint8 errorCode);
 125:Generated_Source\PSoC4/cyfitter_cfg.c **** CY_CFG_UNUSED
 126:Generated_Source\PSoC4/cyfitter_cfg.c **** static void CyClockStartupError(uint8 errorCode)
 127:Generated_Source\PSoC4/cyfitter_cfg.c **** {
 128:Generated_Source\PSoC4/cyfitter_cfg.c ****     /* To remove the compiler warning if errorCode not used.                */
 129:Generated_Source\PSoC4/cyfitter_cfg.c ****     errorCode = errorCode;
 130:Generated_Source\PSoC4/cyfitter_cfg.c **** 
 131:Generated_Source\PSoC4/cyfitter_cfg.c ****     /* If we have a clock startup error (bad MHz crystal, PLL lock, etc.),  */
 132:Generated_Source\PSoC4/cyfitter_cfg.c ****     /* we will end up here to allow the customer to implement something to  */
 133:Generated_Source\PSoC4/cyfitter_cfg.c ****     /* deal with the clock condition.                                       */
 134:Generated_Source\PSoC4/cyfitter_cfg.c **** 
 135:Generated_Source\PSoC4/cyfitter_cfg.c **** #ifdef CY_CFG_CLOCK_STARTUP_ERROR_CALLBACK
 136:Generated_Source\PSoC4/cyfitter_cfg.c ****     CY_CFG_Clock_Startup_ErrorCallback();
 137:Generated_Source\PSoC4/cyfitter_cfg.c **** #else
 138:Generated_Source\PSoC4/cyfitter_cfg.c ****     /*  If not using CY_CFG_CLOCK_STARTUP_ERROR_CALLBACK, place your clock startup code here. */
 139:Generated_Source\PSoC4/cyfitter_cfg.c ****     /* `#START CyClockStartupError` */
 140:Generated_Source\PSoC4/cyfitter_cfg.c **** 
 141:Generated_Source\PSoC4/cyfitter_cfg.c **** 
 142:Generated_Source\PSoC4/cyfitter_cfg.c **** 
 143:Generated_Source\PSoC4/cyfitter_cfg.c ****     /* `#END` */
 144:Generated_Source\PSoC4/cyfitter_cfg.c **** 
 145:Generated_Source\PSoC4/cyfitter_cfg.c ****     while(1) {}
ARM GAS  C:\Users\STUDEN~1\AppData\Local\Temp\ccyLgvMu.s 			page 4


 146:Generated_Source\PSoC4/cyfitter_cfg.c **** #endif /* CY_CFG_CLOCK_STARTUP_ERROR_CALLBACK */
 147:Generated_Source\PSoC4/cyfitter_cfg.c **** }
 148:Generated_Source\PSoC4/cyfitter_cfg.c **** #endif
 149:Generated_Source\PSoC4/cyfitter_cfg.c **** 
 150:Generated_Source\PSoC4/cyfitter_cfg.c **** #define CY_CFG_BASE_ADDR_COUNT 5u
 151:Generated_Source\PSoC4/cyfitter_cfg.c **** CYPACKED typedef struct
 152:Generated_Source\PSoC4/cyfitter_cfg.c **** {
 153:Generated_Source\PSoC4/cyfitter_cfg.c **** 	uint8 offset;
 154:Generated_Source\PSoC4/cyfitter_cfg.c **** 	uint8 value;
 155:Generated_Source\PSoC4/cyfitter_cfg.c **** } CYPACKED_ATTR cy_cfg_addrvalue_t;
 156:Generated_Source\PSoC4/cyfitter_cfg.c **** 
 157:Generated_Source\PSoC4/cyfitter_cfg.c **** 
 158:Generated_Source\PSoC4/cyfitter_cfg.c **** 
 159:Generated_Source\PSoC4/cyfitter_cfg.c **** /*******************************************************************************
 160:Generated_Source\PSoC4/cyfitter_cfg.c **** * Function Name: cfg_write_bytes32
 161:Generated_Source\PSoC4/cyfitter_cfg.c **** ********************************************************************************
 162:Generated_Source\PSoC4/cyfitter_cfg.c **** * Summary:
 163:Generated_Source\PSoC4/cyfitter_cfg.c **** *  This function is used for setting up the chip configuration areas that
 164:Generated_Source\PSoC4/cyfitter_cfg.c **** *  contain relatively sparse data.
 165:Generated_Source\PSoC4/cyfitter_cfg.c **** *
 166:Generated_Source\PSoC4/cyfitter_cfg.c **** * Parameters:
 167:Generated_Source\PSoC4/cyfitter_cfg.c **** *   void
 168:Generated_Source\PSoC4/cyfitter_cfg.c **** *
 169:Generated_Source\PSoC4/cyfitter_cfg.c **** * Return:
 170:Generated_Source\PSoC4/cyfitter_cfg.c **** *   void
 171:Generated_Source\PSoC4/cyfitter_cfg.c **** *
 172:Generated_Source\PSoC4/cyfitter_cfg.c **** *******************************************************************************/
 173:Generated_Source\PSoC4/cyfitter_cfg.c **** static void cfg_write_bytes32(const uint32 addr_table[], const cy_cfg_addrvalue_t data_table[]);
 174:Generated_Source\PSoC4/cyfitter_cfg.c **** static void cfg_write_bytes32(const uint32 addr_table[], const cy_cfg_addrvalue_t data_table[])
 175:Generated_Source\PSoC4/cyfitter_cfg.c **** {
  27              		.loc 1 175 0
  28              		.cfi_startproc
  29              		@ args = 0, pretend = 0, frame = 0
  30              		@ frame_needed = 0, uses_anonymous_args = 0
  31              	.LVL0:
  32 0000 F0B5     		push	{r4, r5, r6, r7, lr}
  33              		.cfi_def_cfa_offset 20
  34              		.cfi_offset 4, -20
  35              		.cfi_offset 5, -16
  36              		.cfi_offset 6, -12
  37              		.cfi_offset 7, -8
  38              		.cfi_offset 14, -4
  39              	.LVL1:
 176:Generated_Source\PSoC4/cyfitter_cfg.c **** 	/* For 32-bit little-endian architectures */
 177:Generated_Source\PSoC4/cyfitter_cfg.c **** 	uint32 i, j = 0u;
  40              		.loc 1 177 0
  41 0002 0025     		movs	r5, #0
 178:Generated_Source\PSoC4/cyfitter_cfg.c **** 	for (i = 0u; i < CY_CFG_BASE_ADDR_COUNT; i++)
  42              		.loc 1 178 0
  43 0004 0027     		movs	r7, #0
  44 0006 11E0     		b	.L2
  45              	.LVL2:
  46              	.L5:
  47              	.LBB2:
 179:Generated_Source\PSoC4/cyfitter_cfg.c **** 	{
 180:Generated_Source\PSoC4/cyfitter_cfg.c **** 		uint32 baseAddr = addr_table[i];
  48              		.loc 1 180 0
ARM GAS  C:\Users\STUDEN~1\AppData\Local\Temp\ccyLgvMu.s 			page 5


  49 0008 BB00     		lsls	r3, r7, #2
  50 000a C658     		ldr	r6, [r0, r3]
  51              	.LVL3:
 181:Generated_Source\PSoC4/cyfitter_cfg.c **** 		uint8 count = (uint8)baseAddr;
  52              		.loc 1 181 0
  53 000c F3B2     		uxtb	r3, r6
  54              	.LVL4:
 182:Generated_Source\PSoC4/cyfitter_cfg.c **** 		baseAddr &= 0xFFFFFF00u;
  55              		.loc 1 182 0
  56 000e FF22     		movs	r2, #255
  57 0010 9643     		bics	r6, r2
  58              	.LVL5:
 183:Generated_Source\PSoC4/cyfitter_cfg.c **** 		while (count != 0u)
  59              		.loc 1 183 0
  60 0012 08E0     		b	.L3
  61              	.L4:
 184:Generated_Source\PSoC4/cyfitter_cfg.c **** 		{
 185:Generated_Source\PSoC4/cyfitter_cfg.c **** 			CY_SET_REG8((void *)(baseAddr + data_table[j].offset), data_table[j].value);
  62              		.loc 1 185 0
  63 0014 6A00     		lsls	r2, r5, #1
  64 0016 8A18     		adds	r2, r1, r2
  65 0018 1478     		ldrb	r4, [r2]
  66 001a A419     		adds	r4, r4, r6
  67 001c 5278     		ldrb	r2, [r2, #1]
  68 001e 2270     		strb	r2, [r4]
 186:Generated_Source\PSoC4/cyfitter_cfg.c **** 			j++;
  69              		.loc 1 186 0
  70 0020 0135     		adds	r5, r5, #1
  71              	.LVL6:
 187:Generated_Source\PSoC4/cyfitter_cfg.c **** 			count--;
  72              		.loc 1 187 0
  73 0022 013B     		subs	r3, r3, #1
  74              	.LVL7:
  75 0024 DBB2     		uxtb	r3, r3
  76              	.LVL8:
  77              	.L3:
 183:Generated_Source\PSoC4/cyfitter_cfg.c **** 		{
  78              		.loc 1 183 0
  79 0026 002B     		cmp	r3, #0
  80 0028 F4D1     		bne	.L4
  81              	.LBE2:
 178:Generated_Source\PSoC4/cyfitter_cfg.c **** 	{
  82              		.loc 1 178 0 discriminator 2
  83 002a 0137     		adds	r7, r7, #1
  84              	.LVL9:
  85              	.L2:
 178:Generated_Source\PSoC4/cyfitter_cfg.c **** 	{
  86              		.loc 1 178 0 is_stmt 0 discriminator 1
  87 002c 042F     		cmp	r7, #4
  88 002e EBD9     		bls	.L5
 188:Generated_Source\PSoC4/cyfitter_cfg.c **** 		}
 189:Generated_Source\PSoC4/cyfitter_cfg.c **** 	}
 190:Generated_Source\PSoC4/cyfitter_cfg.c **** }
  89              		.loc 1 190 0 is_stmt 1
  90              		@ sp needed
  91              	.LVL10:
  92              	.LVL11:
ARM GAS  C:\Users\STUDEN~1\AppData\Local\Temp\ccyLgvMu.s 			page 6


  93 0030 F0BD     		pop	{r4, r5, r6, r7, pc}
  94              		.cfi_endproc
  95              	.LFE3:
  96              		.size	cfg_write_bytes32, .-cfg_write_bytes32
  97 0032 C046     		.section	.text.CYMEMZERO,"ax",%progbits
  98              		.align	2
  99              		.code	16
 100              		.thumb_func
 101              		.type	CYMEMZERO, %function
 102              	CYMEMZERO:
 103              	.LFB0:
  77:Generated_Source\PSoC4/cyfitter_cfg.c **** 	(void)memset(s, 0, n);
 104              		.loc 1 77 0
 105              		.cfi_startproc
 106              		@ args = 0, pretend = 0, frame = 0
 107              		@ frame_needed = 0, uses_anonymous_args = 0
 108              	.LVL12:
 109 0000 10B5     		push	{r4, lr}
 110              		.cfi_def_cfa_offset 8
 111              		.cfi_offset 4, -8
 112              		.cfi_offset 14, -4
 113 0002 0A00     		movs	r2, r1
  78:Generated_Source\PSoC4/cyfitter_cfg.c **** }
 114              		.loc 1 78 0
 115 0004 0021     		movs	r1, #0
 116              	.LVL13:
 117 0006 FFF7FEFF 		bl	memset
 118              	.LVL14:
  79:Generated_Source\PSoC4/cyfitter_cfg.c **** CY_CFG_UNUSED
 119              		.loc 1 79 0
 120              		@ sp needed
 121 000a 10BD     		pop	{r4, pc}
 122              		.cfi_endproc
 123              	.LFE0:
 124              		.size	CYMEMZERO, .-CYMEMZERO
 125              		.section	.psocinit,"ax",%progbits
 126              		.align	2
 127              		.code	16
 128              		.thumb_func
 129              		.type	ClockSetup, %function
 130              	ClockSetup:
 131              	.LFB4:
 191:Generated_Source\PSoC4/cyfitter_cfg.c **** 
 192:Generated_Source\PSoC4/cyfitter_cfg.c **** 
 193:Generated_Source\PSoC4/cyfitter_cfg.c **** /*******************************************************************************
 194:Generated_Source\PSoC4/cyfitter_cfg.c **** * Function Name: ClockSetup
 195:Generated_Source\PSoC4/cyfitter_cfg.c **** ********************************************************************************
 196:Generated_Source\PSoC4/cyfitter_cfg.c **** *
 197:Generated_Source\PSoC4/cyfitter_cfg.c **** * Summary:
 198:Generated_Source\PSoC4/cyfitter_cfg.c **** *   Performs the initialization of all of the clocks in the device based on the
 199:Generated_Source\PSoC4/cyfitter_cfg.c **** *   settings in the Clock tab of the DWR.  This includes enabling the requested
 200:Generated_Source\PSoC4/cyfitter_cfg.c **** *   clocks and setting the necessary dividers to produce the desired frequency. 
 201:Generated_Source\PSoC4/cyfitter_cfg.c **** *
 202:Generated_Source\PSoC4/cyfitter_cfg.c **** * Parameters:
 203:Generated_Source\PSoC4/cyfitter_cfg.c **** *   void
 204:Generated_Source\PSoC4/cyfitter_cfg.c **** *
 205:Generated_Source\PSoC4/cyfitter_cfg.c **** * Return:
ARM GAS  C:\Users\STUDEN~1\AppData\Local\Temp\ccyLgvMu.s 			page 7


 206:Generated_Source\PSoC4/cyfitter_cfg.c **** *   void
 207:Generated_Source\PSoC4/cyfitter_cfg.c **** *
 208:Generated_Source\PSoC4/cyfitter_cfg.c **** *******************************************************************************/
 209:Generated_Source\PSoC4/cyfitter_cfg.c **** static void ClockSetup(void);
 210:Generated_Source\PSoC4/cyfitter_cfg.c **** CY_CFG_SECTION
 211:Generated_Source\PSoC4/cyfitter_cfg.c **** static void ClockSetup(void)
 212:Generated_Source\PSoC4/cyfitter_cfg.c **** {
 132              		.loc 1 212 0
 133              		.cfi_startproc
 134              		@ args = 0, pretend = 0, frame = 0
 135              		@ frame_needed = 0, uses_anonymous_args = 0
 136 0000 70B5     		push	{r4, r5, r6, lr}
 137              		.cfi_def_cfa_offset 16
 138              		.cfi_offset 4, -16
 139              		.cfi_offset 5, -12
 140              		.cfi_offset 6, -8
 141              		.cfi_offset 14, -4
 213:Generated_Source\PSoC4/cyfitter_cfg.c **** 	/* Enable HALF_EN before trimming for the flash accelerator. */
 214:Generated_Source\PSoC4/cyfitter_cfg.c **** 	CY_SET_REG32((void CYXDATA *)(CYREG_CLK_SELECT), (CY_GET_REG32((void *)CYREG_CLK_SELECT) | 0x00040
 142              		.loc 1 214 0
 143 0002 0F4C     		ldr	r4, .L8
 144 0004 2368     		ldr	r3, [r4]
 145 0006 8022     		movs	r2, #128
 146 0008 D202     		lsls	r2, r2, #11
 147 000a 1343     		orrs	r3, r2
 148 000c 2360     		str	r3, [r4]
 215:Generated_Source\PSoC4/cyfitter_cfg.c **** 
 216:Generated_Source\PSoC4/cyfitter_cfg.c **** 	/* Setup and trim IMO based on desired frequency. */
 217:Generated_Source\PSoC4/cyfitter_cfg.c **** 	CySysClkWriteImoFreq(24u);
 149              		.loc 1 217 0
 150 000e 1820     		movs	r0, #24
 151 0010 FFF7FEFF 		bl	CySysClkWriteImoFreq
 152              	.LVL15:
 218:Generated_Source\PSoC4/cyfitter_cfg.c **** 
 219:Generated_Source\PSoC4/cyfitter_cfg.c **** 	/* Disable HALF_EN since it is not required at this IMO frequency. */
 220:Generated_Source\PSoC4/cyfitter_cfg.c **** 	CY_SET_REG32((void CYXDATA *)(CYREG_CLK_SELECT), (CY_GET_REG32((void *)CYREG_CLK_SELECT) & 0xFFFBF
 153              		.loc 1 220 0
 154 0014 2268     		ldr	r2, [r4]
 155 0016 0B4B     		ldr	r3, .L8+4
 156 0018 1340     		ands	r3, r2
 157 001a 2360     		str	r3, [r4]
 221:Generated_Source\PSoC4/cyfitter_cfg.c **** 	/* CYDEV_CLK_ILO_CONFIG Starting address: CYDEV_CLK_ILO_CONFIG */
 222:Generated_Source\PSoC4/cyfitter_cfg.c **** 	CY_SET_REG32((void *)(CYREG_CLK_ILO_CONFIG), 0x80000006u);
 158              		.loc 1 222 0
 159 001c 0A4A     		ldr	r2, .L8+8
 160 001e 0B4B     		ldr	r3, .L8+12
 161 0020 1A60     		str	r2, [r3]
 223:Generated_Source\PSoC4/cyfitter_cfg.c **** 
 224:Generated_Source\PSoC4/cyfitter_cfg.c **** 
 225:Generated_Source\PSoC4/cyfitter_cfg.c **** 	/* CYDEV_CLK_IMO_CONFIG Starting address: CYDEV_CLK_IMO_CONFIG */
 226:Generated_Source\PSoC4/cyfitter_cfg.c **** 	CY_SET_REG32((void *)(CYREG_CLK_IMO_CONFIG), 0x80000000u);
 162              		.loc 1 226 0
 163 0022 063A     		subs	r2, r2, #6
 164 0024 0A4B     		ldr	r3, .L8+16
 165 0026 1A60     		str	r2, [r3]
 227:Generated_Source\PSoC4/cyfitter_cfg.c **** 
 228:Generated_Source\PSoC4/cyfitter_cfg.c **** 	/* CYDEV_CLK_SELECT Starting address: CYDEV_CLK_SELECT */
ARM GAS  C:\Users\STUDEN~1\AppData\Local\Temp\ccyLgvMu.s 			page 8


 229:Generated_Source\PSoC4/cyfitter_cfg.c **** 	CY_SET_REG32((void *)(CYREG_CLK_SELECT), 0x00000000u);
 166              		.loc 1 229 0
 167 0028 0025     		movs	r5, #0
 168 002a 2560     		str	r5, [r4]
 230:Generated_Source\PSoC4/cyfitter_cfg.c **** 
 231:Generated_Source\PSoC4/cyfitter_cfg.c **** 	(void)CyIntSetVector(9u, &CySysWdtIsr);
 169              		.loc 1 231 0
 170 002c 0949     		ldr	r1, .L8+20
 171 002e 0920     		movs	r0, #9
 172 0030 FFF7FEFF 		bl	CyIntSetVector
 173              	.LVL16:
 232:Generated_Source\PSoC4/cyfitter_cfg.c **** 	CyIntEnable(9u);
 174              		.loc 1 232 0
 175 0034 0920     		movs	r0, #9
 176 0036 FFF7FEFF 		bl	CyIntEnable
 177              	.LVL17:
 233:Generated_Source\PSoC4/cyfitter_cfg.c **** 	CY_SET_REG32((void *)(CYREG_WDT_CONFIG), 0x00000000u);
 178              		.loc 1 233 0
 179 003a 074B     		ldr	r3, .L8+24
 180 003c 1D60     		str	r5, [r3]
 234:Generated_Source\PSoC4/cyfitter_cfg.c **** }
 181              		.loc 1 234 0
 182              		@ sp needed
 183 003e 70BD     		pop	{r4, r5, r6, pc}
 184              	.L9:
 185              		.align	2
 186              	.L8:
 187 0040 00010B40 		.word	1074462976
 188 0044 FFFFFBFF 		.word	-262145
 189 0048 06000080 		.word	-2147483642
 190 004c 04010B40 		.word	1074462980
 191 0050 08010B40 		.word	1074462984
 192 0054 00000000 		.word	CySysWdtIsr
 193 0058 0C020B40 		.word	1074463244
 194              		.cfi_endproc
 195              	.LFE4:
 196              		.size	ClockSetup, .-ClockSetup
 197              		.section	.text.SetAnalogRoutingPumps,"ax",%progbits
 198              		.align	2
 199              		.global	SetAnalogRoutingPumps
 200              		.code	16
 201              		.thumb_func
 202              		.type	SetAnalogRoutingPumps, %function
 203              	SetAnalogRoutingPumps:
 204              	.LFB6:
 235:Generated_Source\PSoC4/cyfitter_cfg.c **** 
 236:Generated_Source\PSoC4/cyfitter_cfg.c **** 
 237:Generated_Source\PSoC4/cyfitter_cfg.c **** /* Analog API Functions */
 238:Generated_Source\PSoC4/cyfitter_cfg.c **** 
 239:Generated_Source\PSoC4/cyfitter_cfg.c **** 
 240:Generated_Source\PSoC4/cyfitter_cfg.c **** /*******************************************************************************
 241:Generated_Source\PSoC4/cyfitter_cfg.c **** * Function Name: AnalogSetDefault
 242:Generated_Source\PSoC4/cyfitter_cfg.c **** ********************************************************************************
 243:Generated_Source\PSoC4/cyfitter_cfg.c **** *
 244:Generated_Source\PSoC4/cyfitter_cfg.c **** * Summary:
 245:Generated_Source\PSoC4/cyfitter_cfg.c **** *  Sets up the analog portions of the chip to default values based on chip
 246:Generated_Source\PSoC4/cyfitter_cfg.c **** *  configuration options from the project.
ARM GAS  C:\Users\STUDEN~1\AppData\Local\Temp\ccyLgvMu.s 			page 9


 247:Generated_Source\PSoC4/cyfitter_cfg.c **** *
 248:Generated_Source\PSoC4/cyfitter_cfg.c **** * Parameters:
 249:Generated_Source\PSoC4/cyfitter_cfg.c **** *  void
 250:Generated_Source\PSoC4/cyfitter_cfg.c **** *
 251:Generated_Source\PSoC4/cyfitter_cfg.c **** * Return:
 252:Generated_Source\PSoC4/cyfitter_cfg.c **** *  void
 253:Generated_Source\PSoC4/cyfitter_cfg.c **** *
 254:Generated_Source\PSoC4/cyfitter_cfg.c **** *******************************************************************************/
 255:Generated_Source\PSoC4/cyfitter_cfg.c **** static void AnalogSetDefault(void);
 256:Generated_Source\PSoC4/cyfitter_cfg.c **** static void AnalogSetDefault(void)
 257:Generated_Source\PSoC4/cyfitter_cfg.c **** {
 258:Generated_Source\PSoC4/cyfitter_cfg.c **** 	SetAnalogRoutingPumps(1);
 259:Generated_Source\PSoC4/cyfitter_cfg.c **** }
 260:Generated_Source\PSoC4/cyfitter_cfg.c **** 
 261:Generated_Source\PSoC4/cyfitter_cfg.c **** 
 262:Generated_Source\PSoC4/cyfitter_cfg.c **** /*******************************************************************************
 263:Generated_Source\PSoC4/cyfitter_cfg.c **** * Function Name: SetAnalogRoutingPumps
 264:Generated_Source\PSoC4/cyfitter_cfg.c **** ********************************************************************************
 265:Generated_Source\PSoC4/cyfitter_cfg.c **** *
 266:Generated_Source\PSoC4/cyfitter_cfg.c **** * Summary:
 267:Generated_Source\PSoC4/cyfitter_cfg.c **** * Enables or disables the analog pumps feeding analog routing switches.
 268:Generated_Source\PSoC4/cyfitter_cfg.c **** * Intended to be called at startup, based on the Vdda system configuration;
 269:Generated_Source\PSoC4/cyfitter_cfg.c **** * may be called during operation when the user informs us that the Vdda voltage crossed the pump th
 270:Generated_Source\PSoC4/cyfitter_cfg.c **** *
 271:Generated_Source\PSoC4/cyfitter_cfg.c **** * Parameters:
 272:Generated_Source\PSoC4/cyfitter_cfg.c **** *  enabled - 1 to enable the pumps, 0 to disable the pumps
 273:Generated_Source\PSoC4/cyfitter_cfg.c **** *
 274:Generated_Source\PSoC4/cyfitter_cfg.c **** * Return:
 275:Generated_Source\PSoC4/cyfitter_cfg.c **** *  void
 276:Generated_Source\PSoC4/cyfitter_cfg.c **** *
 277:Generated_Source\PSoC4/cyfitter_cfg.c **** *******************************************************************************/
 278:Generated_Source\PSoC4/cyfitter_cfg.c **** void SetAnalogRoutingPumps(uint8 enabled)
 279:Generated_Source\PSoC4/cyfitter_cfg.c **** {
 205              		.loc 1 279 0
 206              		.cfi_startproc
 207              		@ args = 0, pretend = 0, frame = 0
 208              		@ frame_needed = 0, uses_anonymous_args = 0
 209              		@ link register save eliminated.
 210              	.LVL18:
 280:Generated_Source\PSoC4/cyfitter_cfg.c **** 	uint32 regValue = CY_GET_XTND_REG32((void *)(CYREG_SAR_PUMP_CTRL));
 211              		.loc 1 280 0
 212 0000 0C4B     		ldr	r3, .L15
 213 0002 1B68     		ldr	r3, [r3]
 214              	.LVL19:
 281:Generated_Source\PSoC4/cyfitter_cfg.c **** 	if (enabled != 0u)
 215              		.loc 1 281 0
 216 0004 0028     		cmp	r0, #0
 217 0006 03D0     		beq	.L11
 282:Generated_Source\PSoC4/cyfitter_cfg.c **** 	{
 283:Generated_Source\PSoC4/cyfitter_cfg.c **** 		regValue |= 0x80000000u;
 218              		.loc 1 283 0
 219 0008 8022     		movs	r2, #128
 220 000a 1206     		lsls	r2, r2, #24
 221 000c 1343     		orrs	r3, r2
 222              	.LVL20:
 223 000e 01E0     		b	.L12
 224              	.L11:
ARM GAS  C:\Users\STUDEN~1\AppData\Local\Temp\ccyLgvMu.s 			page 10


 284:Generated_Source\PSoC4/cyfitter_cfg.c **** 	}
 285:Generated_Source\PSoC4/cyfitter_cfg.c **** 	else
 286:Generated_Source\PSoC4/cyfitter_cfg.c **** 	{
 287:Generated_Source\PSoC4/cyfitter_cfg.c **** 		regValue &= ~0x80000000u;
 225              		.loc 1 287 0
 226 0010 5B00     		lsls	r3, r3, #1
 227              	.LVL21:
 228 0012 5B08     		lsrs	r3, r3, #1
 229              	.LVL22:
 230              	.L12:
 288:Generated_Source\PSoC4/cyfitter_cfg.c **** 	}
 289:Generated_Source\PSoC4/cyfitter_cfg.c **** 	CY_SET_XTND_REG32((void *)(CYREG_SAR_PUMP_CTRL), regValue);
 231              		.loc 1 289 0
 232 0014 074A     		ldr	r2, .L15
 233 0016 1360     		str	r3, [r2]
 290:Generated_Source\PSoC4/cyfitter_cfg.c **** 	regValue = CY_GET_XTND_REG32((void *)(CYREG_CLK_IMO_CONFIG));
 234              		.loc 1 290 0
 235 0018 074B     		ldr	r3, .L15+4
 236              	.LVL23:
 237 001a 1B68     		ldr	r3, [r3]
 238              	.LVL24:
 291:Generated_Source\PSoC4/cyfitter_cfg.c **** 	if (enabled != 0u)
 239              		.loc 1 291 0
 240 001c 0028     		cmp	r0, #0
 241 001e 03D0     		beq	.L13
 292:Generated_Source\PSoC4/cyfitter_cfg.c **** 	{
 293:Generated_Source\PSoC4/cyfitter_cfg.c **** 		regValue |= 0x02000000u;
 242              		.loc 1 293 0
 243 0020 8022     		movs	r2, #128
 244 0022 9204     		lsls	r2, r2, #18
 245 0024 1343     		orrs	r3, r2
 246              	.LVL25:
 247 0026 01E0     		b	.L14
 248              	.L13:
 294:Generated_Source\PSoC4/cyfitter_cfg.c **** 	}
 295:Generated_Source\PSoC4/cyfitter_cfg.c **** 	else
 296:Generated_Source\PSoC4/cyfitter_cfg.c **** 	{
 297:Generated_Source\PSoC4/cyfitter_cfg.c **** 		regValue &= ~0x02000000u;
 249              		.loc 1 297 0
 250 0028 044A     		ldr	r2, .L15+8
 251 002a 1340     		ands	r3, r2
 252              	.LVL26:
 253              	.L14:
 298:Generated_Source\PSoC4/cyfitter_cfg.c **** 	}
 299:Generated_Source\PSoC4/cyfitter_cfg.c **** 	CY_SET_XTND_REG32((void *)(CYREG_CLK_IMO_CONFIG), regValue);
 254              		.loc 1 299 0
 255 002c 024A     		ldr	r2, .L15+4
 256 002e 1360     		str	r3, [r2]
 300:Generated_Source\PSoC4/cyfitter_cfg.c **** }
 257              		.loc 1 300 0
 258              		@ sp needed
 259 0030 7047     		bx	lr
 260              	.L16:
 261 0032 C046     		.align	2
 262              	.L15:
 263 0034 80031A40 		.word	1075446656
 264 0038 08010B40 		.word	1074462984
ARM GAS  C:\Users\STUDEN~1\AppData\Local\Temp\ccyLgvMu.s 			page 11


 265 003c FFFFFFFD 		.word	-33554433
 266              		.cfi_endproc
 267              	.LFE6:
 268              		.size	SetAnalogRoutingPumps, .-SetAnalogRoutingPumps
 269              		.section	.text.AnalogSetDefault,"ax",%progbits
 270              		.align	2
 271              		.code	16
 272              		.thumb_func
 273              		.type	AnalogSetDefault, %function
 274              	AnalogSetDefault:
 275              	.LFB5:
 257:Generated_Source\PSoC4/cyfitter_cfg.c **** 	SetAnalogRoutingPumps(1);
 276              		.loc 1 257 0
 277              		.cfi_startproc
 278              		@ args = 0, pretend = 0, frame = 0
 279              		@ frame_needed = 0, uses_anonymous_args = 0
 280 0000 10B5     		push	{r4, lr}
 281              		.cfi_def_cfa_offset 8
 282              		.cfi_offset 4, -8
 283              		.cfi_offset 14, -4
 258:Generated_Source\PSoC4/cyfitter_cfg.c **** }
 284              		.loc 1 258 0
 285 0002 0120     		movs	r0, #1
 286 0004 FFF7FEFF 		bl	SetAnalogRoutingPumps
 287              	.LVL27:
 259:Generated_Source\PSoC4/cyfitter_cfg.c **** 
 288              		.loc 1 259 0
 289              		@ sp needed
 290 0008 10BD     		pop	{r4, pc}
 291              		.cfi_endproc
 292              	.LFE5:
 293              		.size	AnalogSetDefault, .-AnalogSetDefault
 294              		.section	.psocinit
 295              		.align	2
 296              		.global	cyfitter_cfg
 297              		.code	16
 298              		.thumb_func
 299              		.type	cyfitter_cfg, %function
 300              	cyfitter_cfg:
 301              	.LFB7:
 301:Generated_Source\PSoC4/cyfitter_cfg.c **** 
 302:Generated_Source\PSoC4/cyfitter_cfg.c **** 
 303:Generated_Source\PSoC4/cyfitter_cfg.c **** 
 304:Generated_Source\PSoC4/cyfitter_cfg.c **** 
 305:Generated_Source\PSoC4/cyfitter_cfg.c **** /*******************************************************************************
 306:Generated_Source\PSoC4/cyfitter_cfg.c **** * Function Name: cyfitter_cfg
 307:Generated_Source\PSoC4/cyfitter_cfg.c **** ********************************************************************************
 308:Generated_Source\PSoC4/cyfitter_cfg.c **** * Summary:
 309:Generated_Source\PSoC4/cyfitter_cfg.c **** *  This function is called by the start-up code for the selected device. It
 310:Generated_Source\PSoC4/cyfitter_cfg.c **** *  performs all of the necessary device configuration based on the design
 311:Generated_Source\PSoC4/cyfitter_cfg.c **** *  settings.  This includes settings from the Design Wide Resources (DWR) such
 312:Generated_Source\PSoC4/cyfitter_cfg.c **** *  as Clocks and Pins as well as any component configuration that is necessary.
 313:Generated_Source\PSoC4/cyfitter_cfg.c **** *
 314:Generated_Source\PSoC4/cyfitter_cfg.c **** * Parameters:
 315:Generated_Source\PSoC4/cyfitter_cfg.c **** *   void
 316:Generated_Source\PSoC4/cyfitter_cfg.c **** *
 317:Generated_Source\PSoC4/cyfitter_cfg.c **** * Return:
ARM GAS  C:\Users\STUDEN~1\AppData\Local\Temp\ccyLgvMu.s 			page 12


 318:Generated_Source\PSoC4/cyfitter_cfg.c **** *   void
 319:Generated_Source\PSoC4/cyfitter_cfg.c **** *
 320:Generated_Source\PSoC4/cyfitter_cfg.c **** *******************************************************************************/
 321:Generated_Source\PSoC4/cyfitter_cfg.c **** CY_CFG_SECTION
 322:Generated_Source\PSoC4/cyfitter_cfg.c **** void cyfitter_cfg(void)
 323:Generated_Source\PSoC4/cyfitter_cfg.c **** {
 302              		.loc 1 323 0
 303              		.cfi_startproc
 304              		@ args = 0, pretend = 0, frame = 0
 305              		@ frame_needed = 0, uses_anonymous_args = 0
 306 005c 10B5     		push	{r4, lr}
 307              		.cfi_def_cfa_offset 8
 308              		.cfi_offset 4, -8
 309              		.cfi_offset 14, -4
 324:Generated_Source\PSoC4/cyfitter_cfg.c **** 	/* Disable interrupts by default. Let user enable if/when they want. */
 325:Generated_Source\PSoC4/cyfitter_cfg.c **** 	CyGlobalIntDisable;
 310              		.loc 1 325 0
 311              		.syntax divided
 312              	@ 325 "Generated_Source\PSoC4\cyfitter_cfg.c" 1
 313 005e 72B6     		CPSID   i
 314              	@ 0 "" 2
 315              	.LVL28:
 316              		.thumb
 317              		.syntax unified
 318              	.LBB3:
 326:Generated_Source\PSoC4/cyfitter_cfg.c **** 
 327:Generated_Source\PSoC4/cyfitter_cfg.c **** 	{
 328:Generated_Source\PSoC4/cyfitter_cfg.c **** 		static const uint32 CYCODE cy_cfg_addr_table[] = {
 329:Generated_Source\PSoC4/cyfitter_cfg.c **** 			0x400F3004u, /* Base address: 0x400F3000 Count: 4 */
 330:Generated_Source\PSoC4/cyfitter_cfg.c **** 			0x400F3101u, /* Base address: 0x400F3100 Count: 1 */
 331:Generated_Source\PSoC4/cyfitter_cfg.c **** 			0x400F3301u, /* Base address: 0x400F3300 Count: 1 */
 332:Generated_Source\PSoC4/cyfitter_cfg.c **** 			0x400F4204u, /* Base address: 0x400F4200 Count: 4 */
 333:Generated_Source\PSoC4/cyfitter_cfg.c **** 			0x400F4303u, /* Base address: 0x400F4300 Count: 3 */
 334:Generated_Source\PSoC4/cyfitter_cfg.c **** 		};
 335:Generated_Source\PSoC4/cyfitter_cfg.c **** 
 336:Generated_Source\PSoC4/cyfitter_cfg.c **** 		static const cy_cfg_addrvalue_t CYCODE cy_cfg_data_table[] = {
 337:Generated_Source\PSoC4/cyfitter_cfg.c **** 			{0x38u, 0x80u},
 338:Generated_Source\PSoC4/cyfitter_cfg.c **** 			{0x3Eu, 0x40u},
 339:Generated_Source\PSoC4/cyfitter_cfg.c **** 			{0x58u, 0x04u},
 340:Generated_Source\PSoC4/cyfitter_cfg.c **** 			{0x5Fu, 0x01u},
 341:Generated_Source\PSoC4/cyfitter_cfg.c **** 			{0x18u, 0x01u},
 342:Generated_Source\PSoC4/cyfitter_cfg.c **** 			{0xB4u, 0x01u},
 343:Generated_Source\PSoC4/cyfitter_cfg.c **** 			{0x61u, 0x02u},
 344:Generated_Source\PSoC4/cyfitter_cfg.c **** 			{0x70u, 0x08u},
 345:Generated_Source\PSoC4/cyfitter_cfg.c **** 			{0xD8u, 0x02u},
 346:Generated_Source\PSoC4/cyfitter_cfg.c **** 			{0xDCu, 0x01u},
 347:Generated_Source\PSoC4/cyfitter_cfg.c **** 			{0xB4u, 0x08u},
 348:Generated_Source\PSoC4/cyfitter_cfg.c **** 			{0xB5u, 0x02u},
 349:Generated_Source\PSoC4/cyfitter_cfg.c **** 			{0xECu, 0x08u},
 350:Generated_Source\PSoC4/cyfitter_cfg.c **** 		};
 351:Generated_Source\PSoC4/cyfitter_cfg.c **** 
 352:Generated_Source\PSoC4/cyfitter_cfg.c **** 
 353:Generated_Source\PSoC4/cyfitter_cfg.c **** 
 354:Generated_Source\PSoC4/cyfitter_cfg.c **** 		CYPACKED typedef struct {
 355:Generated_Source\PSoC4/cyfitter_cfg.c **** 			void CYFAR *address;
 356:Generated_Source\PSoC4/cyfitter_cfg.c **** 			uint16 size;
 357:Generated_Source\PSoC4/cyfitter_cfg.c **** 		} CYPACKED_ATTR cfg_memset_t;
ARM GAS  C:\Users\STUDEN~1\AppData\Local\Temp\ccyLgvMu.s 			page 13


 358:Generated_Source\PSoC4/cyfitter_cfg.c **** 
 359:Generated_Source\PSoC4/cyfitter_cfg.c **** 		static const cfg_memset_t CYCODE cfg_memset_list[] = {
 360:Generated_Source\PSoC4/cyfitter_cfg.c **** 			/* address, size */
 361:Generated_Source\PSoC4/cyfitter_cfg.c **** 			{(void CYFAR *)(CYDEV_UDB_P0_U0_BASE), 1024u},
 362:Generated_Source\PSoC4/cyfitter_cfg.c **** 			{(void CYFAR *)(CYDEV_UDB_DSI0_BASE), 1024u},
 363:Generated_Source\PSoC4/cyfitter_cfg.c **** 		};
 364:Generated_Source\PSoC4/cyfitter_cfg.c **** 
 365:Generated_Source\PSoC4/cyfitter_cfg.c **** 		uint8 CYDATA i;
 366:Generated_Source\PSoC4/cyfitter_cfg.c **** 
 367:Generated_Source\PSoC4/cyfitter_cfg.c **** 		/* Zero out critical memory blocks before beginning configuration */
 368:Generated_Source\PSoC4/cyfitter_cfg.c **** 		for (i = 0u; i < (sizeof(cfg_memset_list)/sizeof(cfg_memset_list[0])); i++)
 319              		.loc 1 368 0
 320 0060 0024     		movs	r4, #0
 321 0062 0FE0     		b	.L19
 322              	.LVL29:
 323              	.L20:
 324              	.LBB4:
 369:Generated_Source\PSoC4/cyfitter_cfg.c **** 		{
 370:Generated_Source\PSoC4/cyfitter_cfg.c **** 			const cfg_memset_t CYCODE * CYDATA ms = &cfg_memset_list[i];
 371:Generated_Source\PSoC4/cyfitter_cfg.c **** 			CYMEMZERO(ms->address, (size_t)(uint32)(ms->size));
 325              		.loc 1 371 0 discriminator 3
 326 0064 2248     		ldr	r0, .L21
 327 0066 6200     		lsls	r2, r4, #1
 328 0068 1319     		adds	r3, r2, r4
 329 006a 5900     		lsls	r1, r3, #1
 330 006c 0B00     		movs	r3, r1
 331 006e 4118     		adds	r1, r0, r1
 332 0070 8988     		ldrh	r1, [r1, #4]
 333 0072 1A5A     		ldrh	r2, [r3, r0]
 334 0074 C318     		adds	r3, r0, r3
 335 0076 5888     		ldrh	r0, [r3, #2]
 336 0078 0004     		lsls	r0, r0, #16
 337 007a 1043     		orrs	r0, r2
 338 007c FFF7FEFF 		bl	CYMEMZERO
 339              	.LVL30:
 340              	.LBE4:
 368:Generated_Source\PSoC4/cyfitter_cfg.c **** 		{
 341              		.loc 1 368 0 discriminator 3
 342 0080 0134     		adds	r4, r4, #1
 343              	.LVL31:
 344 0082 E4B2     		uxtb	r4, r4
 345              	.LVL32:
 346              	.L19:
 368:Generated_Source\PSoC4/cyfitter_cfg.c **** 		{
 347              		.loc 1 368 0 is_stmt 0 discriminator 1
 348 0084 012C     		cmp	r4, #1
 349 0086 EDD9     		bls	.L20
 372:Generated_Source\PSoC4/cyfitter_cfg.c **** 		}
 373:Generated_Source\PSoC4/cyfitter_cfg.c **** 
 374:Generated_Source\PSoC4/cyfitter_cfg.c **** 		cfg_write_bytes32(cy_cfg_addr_table, cy_cfg_data_table);
 350              		.loc 1 374 0 is_stmt 1
 351 0088 1948     		ldr	r0, .L21
 352 008a 0100     		movs	r1, r0
 353 008c 0C31     		adds	r1, r1, #12
 354 008e 2830     		adds	r0, r0, #40
 355 0090 FFF7FEFF 		bl	cfg_write_bytes32
 356              	.LVL33:
ARM GAS  C:\Users\STUDEN~1\AppData\Local\Temp\ccyLgvMu.s 			page 14


 375:Generated_Source\PSoC4/cyfitter_cfg.c **** 
 376:Generated_Source\PSoC4/cyfitter_cfg.c **** 		/* HSIOM Starting address: CYDEV_HSIOM_BASE */
 377:Generated_Source\PSoC4/cyfitter_cfg.c **** 		CY_SET_REG32((void *)(CYREG_HSIOM_PORT_SEL2), 0x00070000u);
 357              		.loc 1 377 0
 358 0094 E022     		movs	r2, #224
 359 0096 D202     		lsls	r2, r2, #11
 360 0098 164B     		ldr	r3, .L21+4
 361 009a 1A60     		str	r2, [r3]
 378:Generated_Source\PSoC4/cyfitter_cfg.c **** 		CY_SET_REG32((void *)(CYREG_HSIOM_PORT_SEL3), 0x0000EE00u);
 362              		.loc 1 378 0
 363 009c EE22     		movs	r2, #238
 364 009e 1202     		lsls	r2, r2, #8
 365 00a0 154B     		ldr	r3, .L21+8
 366 00a2 1A60     		str	r2, [r3]
 379:Generated_Source\PSoC4/cyfitter_cfg.c **** 
 380:Generated_Source\PSoC4/cyfitter_cfg.c **** 		/* UDB_PA_2 Starting address: CYDEV_UDB_PA2_BASE */
 381:Generated_Source\PSoC4/cyfitter_cfg.c **** 		CY_SET_REG32((void *)(CYDEV_UDB_PA2_BASE), 0x00990000u);
 367              		.loc 1 381 0
 368 00a4 9923     		movs	r3, #153
 369 00a6 1B04     		lsls	r3, r3, #16
 370 00a8 144A     		ldr	r2, .L21+12
 371 00aa 1360     		str	r3, [r2]
 382:Generated_Source\PSoC4/cyfitter_cfg.c **** 		CY_SET_REG32((void *)(CYREG_UDB_PA2_CFG8), 0x02000000u);
 372              		.loc 1 382 0
 373 00ac 8021     		movs	r1, #128
 374 00ae 8904     		lsls	r1, r1, #18
 375 00b0 134A     		ldr	r2, .L21+16
 376 00b2 1160     		str	r1, [r2]
 383:Generated_Source\PSoC4/cyfitter_cfg.c **** 
 384:Generated_Source\PSoC4/cyfitter_cfg.c **** 		/* UDB_PA_3 Starting address: CYDEV_UDB_PA3_BASE */
 385:Generated_Source\PSoC4/cyfitter_cfg.c **** 		CY_SET_REG32((void *)(CYDEV_UDB_PA3_BASE), 0x00990000u);
 377              		.loc 1 385 0
 378 00b4 134A     		ldr	r2, .L21+20
 379 00b6 1360     		str	r3, [r2]
 386:Generated_Source\PSoC4/cyfitter_cfg.c **** 
 387:Generated_Source\PSoC4/cyfitter_cfg.c **** 		/* Enable UDB array and digital routing */
 388:Generated_Source\PSoC4/cyfitter_cfg.c **** 		CY_SET_XTND_REG8((void *)CYREG_UDB_UDBIF_WAIT_CFG, (uint8)((CY_GET_XTND_REG8((void *)CYREG_UDB_UD
 380              		.loc 1 388 0
 381 00b8 1349     		ldr	r1, .L21+24
 382 00ba 0B78     		ldrb	r3, [r1]
 383 00bc 3C22     		movs	r2, #60
 384 00be 9343     		bics	r3, r2
 385 00c0 1422     		movs	r2, #20
 386 00c2 1343     		orrs	r3, r2
 387 00c4 DBB2     		uxtb	r3, r3
 388 00c6 0B70     		strb	r3, [r1]
 389:Generated_Source\PSoC4/cyfitter_cfg.c **** 		CY_SET_XTND_REG8((void *)CYREG_UDB_UDBIF_BANK_CTL, (uint8)(CY_GET_XTND_REG8((void *)CYREG_UDB_UDB
 389              		.loc 1 389 0
 390 00c8 104A     		ldr	r2, .L21+28
 391 00ca 1178     		ldrb	r1, [r2]
 392 00cc 1623     		movs	r3, #22
 393 00ce 0B43     		orrs	r3, r1
 394 00d0 DBB2     		uxtb	r3, r3
 395 00d2 1370     		strb	r3, [r2]
 396              	.LBE3:
 390:Generated_Source\PSoC4/cyfitter_cfg.c **** 	}
 391:Generated_Source\PSoC4/cyfitter_cfg.c **** 
ARM GAS  C:\Users\STUDEN~1\AppData\Local\Temp\ccyLgvMu.s 			page 15


 392:Generated_Source\PSoC4/cyfitter_cfg.c **** 	/* Perform second pass device configuration. These items must be configured in specific order afte
 393:Generated_Source\PSoC4/cyfitter_cfg.c **** 	/* IOPINS0_2 Starting address: CYDEV_PRT2_BASE */
 394:Generated_Source\PSoC4/cyfitter_cfg.c **** 	CY_SET_REG32((void *)(CYDEV_PRT2_BASE), 0x00000010u);
 397              		.loc 1 394 0
 398 00d4 1023     		movs	r3, #16
 399 00d6 0E4A     		ldr	r2, .L21+32
 400 00d8 1360     		str	r3, [r2]
 395:Generated_Source\PSoC4/cyfitter_cfg.c **** 	CY_SET_REG32((void *)(CYREG_PRT2_PC2), 0x00000010u);
 401              		.loc 1 395 0
 402 00da 0E4A     		ldr	r2, .L21+36
 403 00dc 1360     		str	r3, [r2]
 396:Generated_Source\PSoC4/cyfitter_cfg.c **** 
 397:Generated_Source\PSoC4/cyfitter_cfg.c **** 	/* IOPINS0_3 Starting address: CYDEV_PRT3_BASE */
 398:Generated_Source\PSoC4/cyfitter_cfg.c **** 	CY_SET_REG32((void *)(CYREG_PRT3_PC), 0x00000D80u);
 404              		.loc 1 398 0
 405 00de D822     		movs	r2, #216
 406 00e0 1201     		lsls	r2, r2, #4
 407 00e2 0D4B     		ldr	r3, .L21+40
 408 00e4 1A60     		str	r2, [r3]
 399:Generated_Source\PSoC4/cyfitter_cfg.c **** 
 400:Generated_Source\PSoC4/cyfitter_cfg.c **** 
 401:Generated_Source\PSoC4/cyfitter_cfg.c **** 	/* Setup clocks based on selections from Clock DWR */
 402:Generated_Source\PSoC4/cyfitter_cfg.c **** 	ClockSetup();
 409              		.loc 1 402 0
 410 00e6 FFF78BFF 		bl	ClockSetup
 411              	.LVL34:
 403:Generated_Source\PSoC4/cyfitter_cfg.c **** 
 404:Generated_Source\PSoC4/cyfitter_cfg.c **** 	/* Perform basic analog initialization to defaults */
 405:Generated_Source\PSoC4/cyfitter_cfg.c **** 	AnalogSetDefault();
 412              		.loc 1 405 0
 413 00ea FFF7FEFF 		bl	AnalogSetDefault
 414              	.LVL35:
 406:Generated_Source\PSoC4/cyfitter_cfg.c **** 
 407:Generated_Source\PSoC4/cyfitter_cfg.c **** }
 415              		.loc 1 407 0
 416              		@ sp needed
 417              	.LVL36:
 418 00ee 10BD     		pop	{r4, pc}
 419              	.L22:
 420              		.align	2
 421              	.L21:
 422 00f0 00000000 		.word	.LANCHOR0
 423 00f4 08000140 		.word	1073807368
 424 00f8 0C000140 		.word	1073807372
 425 00fc 20500F40 		.word	1074745376
 426 0100 28500F40 		.word	1074745384
 427 0104 30500F40 		.word	1074745392
 428 0108 01700F40 		.word	1074753537
 429 010c 00700F40 		.word	1074753536
 430 0110 00020440 		.word	1074004480
 431 0114 18020440 		.word	1074004504
 432 0118 08030440 		.word	1074004744
 433              		.cfi_endproc
 434              	.LFE7:
 435              		.size	cyfitter_cfg, .-cyfitter_cfg
 436              		.section	.rodata
 437              		.align	2
ARM GAS  C:\Users\STUDEN~1\AppData\Local\Temp\ccyLgvMu.s 			page 16


 438              		.set	.LANCHOR0,. + 0
 439              		.type	cfg_memset_list.4876, %object
 440              		.size	cfg_memset_list.4876, 12
 441              	cfg_memset_list.4876:
 442 0000 00300F40 		.word	1074737152
 443 0004 0004     		.short	1024
 444 0006 00400F40 		.4byte	1074741248
 445 000a 0004     		.short	1024
 446              		.type	cy_cfg_data_table.4871, %object
 447              		.size	cy_cfg_data_table.4871, 26
 448              	cy_cfg_data_table.4871:
 449 000c 38       		.byte	56
 450 000d 80       		.byte	-128
 451 000e 3E       		.byte	62
 452 000f 40       		.byte	64
 453 0010 58       		.byte	88
 454 0011 04       		.byte	4
 455 0012 5F       		.byte	95
 456 0013 01       		.byte	1
 457 0014 18       		.byte	24
 458 0015 01       		.byte	1
 459 0016 B4       		.byte	-76
 460 0017 01       		.byte	1
 461 0018 61       		.byte	97
 462 0019 02       		.byte	2
 463 001a 70       		.byte	112
 464 001b 08       		.byte	8
 465 001c D8       		.byte	-40
 466 001d 02       		.byte	2
 467 001e DC       		.byte	-36
 468 001f 01       		.byte	1
 469 0020 B4       		.byte	-76
 470 0021 08       		.byte	8
 471 0022 B5       		.byte	-75
 472 0023 02       		.byte	2
 473 0024 EC       		.byte	-20
 474 0025 08       		.byte	8
 475 0026 0000     		.space	2
 476              		.type	cy_cfg_addr_table.4870, %object
 477              		.size	cy_cfg_addr_table.4870, 20
 478              	cy_cfg_addr_table.4870:
 479 0028 04300F40 		.word	1074737156
 480 002c 01310F40 		.word	1074737409
 481 0030 01330F40 		.word	1074737921
 482 0034 04420F40 		.word	1074741764
 483 0038 03430F40 		.word	1074742019
 484              		.text
 485              	.Letext0:
 486              		.file 2 "c:\\program files\\cypress\\psoc creator\\4.2\\psoc creator\\import\\gnu\\arm\\5.4.1\\lib
 487              		.file 3 "Generated_Source\\PSoC4\\cytypes.h"
 488              		.file 4 "Generated_Source\\PSoC4\\CyLib.h"
 489              		.section	.debug_info,"",%progbits
 490              	.Ldebug_info0:
 491 0000 00040000 		.4byte	0x400
 492 0004 0400     		.2byte	0x4
 493 0006 00000000 		.4byte	.Ldebug_abbrev0
 494 000a 04       		.byte	0x4
ARM GAS  C:\Users\STUDEN~1\AppData\Local\Temp\ccyLgvMu.s 			page 17


 495 000b 01       		.uleb128 0x1
 496 000c AE010000 		.4byte	.LASF44
 497 0010 0C       		.byte	0xc
 498 0011 E3020000 		.4byte	.LASF45
 499 0015 DC000000 		.4byte	.LASF46
 500 0019 00000000 		.4byte	.Ldebug_ranges0+0
 501 001d 00000000 		.4byte	0
 502 0021 00000000 		.4byte	.Ldebug_line0
 503 0025 02       		.uleb128 0x2
 504 0026 04       		.byte	0x4
 505 0027 05       		.byte	0x5
 506 0028 696E7400 		.ascii	"int\000"
 507 002c 03       		.uleb128 0x3
 508 002d 06000000 		.4byte	.LASF12
 509 0031 02       		.byte	0x2
 510 0032 D8       		.byte	0xd8
 511 0033 37000000 		.4byte	0x37
 512 0037 04       		.uleb128 0x4
 513 0038 04       		.byte	0x4
 514 0039 07       		.byte	0x7
 515 003a 75010000 		.4byte	.LASF0
 516 003e 04       		.uleb128 0x4
 517 003f 08       		.byte	0x8
 518 0040 05       		.byte	0x5
 519 0041 6E020000 		.4byte	.LASF1
 520 0045 04       		.uleb128 0x4
 521 0046 08       		.byte	0x8
 522 0047 04       		.byte	0x4
 523 0048 CB020000 		.4byte	.LASF2
 524 004c 04       		.uleb128 0x4
 525 004d 01       		.byte	0x1
 526 004e 06       		.byte	0x6
 527 004f D7020000 		.4byte	.LASF3
 528 0053 04       		.uleb128 0x4
 529 0054 01       		.byte	0x1
 530 0055 08       		.byte	0x8
 531 0056 C0000000 		.4byte	.LASF4
 532 005a 04       		.uleb128 0x4
 533 005b 02       		.byte	0x2
 534 005c 05       		.byte	0x5
 535 005d A3020000 		.4byte	.LASF5
 536 0061 04       		.uleb128 0x4
 537 0062 02       		.byte	0x2
 538 0063 07       		.byte	0x7
 539 0064 5B020000 		.4byte	.LASF6
 540 0068 04       		.uleb128 0x4
 541 0069 04       		.byte	0x4
 542 006a 05       		.byte	0x5
 543 006b C2020000 		.4byte	.LASF7
 544 006f 04       		.uleb128 0x4
 545 0070 04       		.byte	0x4
 546 0071 07       		.byte	0x7
 547 0072 88000000 		.4byte	.LASF8
 548 0076 04       		.uleb128 0x4
 549 0077 08       		.byte	0x8
 550 0078 07       		.byte	0x7
 551 0079 97010000 		.4byte	.LASF9
ARM GAS  C:\Users\STUDEN~1\AppData\Local\Temp\ccyLgvMu.s 			page 18


 552 007d 04       		.uleb128 0x4
 553 007e 04       		.byte	0x4
 554 007f 07       		.byte	0x7
 555 0080 52020000 		.4byte	.LASF10
 556 0084 05       		.uleb128 0x5
 557 0085 04       		.byte	0x4
 558 0086 04       		.uleb128 0x4
 559 0087 01       		.byte	0x1
 560 0088 08       		.byte	0x8
 561 0089 7C020000 		.4byte	.LASF11
 562 008d 06       		.uleb128 0x6
 563 008e 9A000000 		.4byte	.LASF13
 564 0092 03       		.byte	0x3
 565 0093 E401     		.2byte	0x1e4
 566 0095 53000000 		.4byte	0x53
 567 0099 06       		.uleb128 0x6
 568 009a 5C010000 		.4byte	.LASF14
 569 009e 03       		.byte	0x3
 570 009f E501     		.2byte	0x1e5
 571 00a1 61000000 		.4byte	0x61
 572 00a5 06       		.uleb128 0x6
 573 00a6 6E010000 		.4byte	.LASF15
 574 00aa 03       		.byte	0x3
 575 00ab E601     		.2byte	0x1e6
 576 00ad 6F000000 		.4byte	0x6f
 577 00b1 04       		.uleb128 0x4
 578 00b2 04       		.byte	0x4
 579 00b3 04       		.byte	0x4
 580 00b4 68000000 		.4byte	.LASF16
 581 00b8 04       		.uleb128 0x4
 582 00b9 08       		.byte	0x8
 583 00ba 04       		.byte	0x4
 584 00bb D5000000 		.4byte	.LASF17
 585 00bf 06       		.uleb128 0x6
 586 00c0 83000000 		.4byte	.LASF18
 587 00c4 03       		.byte	0x3
 588 00c5 8E02     		.2byte	0x28e
 589 00c7 CB000000 		.4byte	0xcb
 590 00cb 07       		.uleb128 0x7
 591 00cc 8D000000 		.4byte	0x8d
 592 00d0 06       		.uleb128 0x6
 593 00d1 00000000 		.4byte	.LASF19
 594 00d5 03       		.byte	0x3
 595 00d6 9002     		.2byte	0x290
 596 00d8 DC000000 		.4byte	0xdc
 597 00dc 07       		.uleb128 0x7
 598 00dd A5000000 		.4byte	0xa5
 599 00e1 08       		.uleb128 0x8
 600 00e2 02       		.byte	0x2
 601 00e3 01       		.byte	0x1
 602 00e4 97       		.byte	0x97
 603 00e5 02010000 		.4byte	0x102
 604 00e9 09       		.uleb128 0x9
 605 00ea 94020000 		.4byte	.LASF20
 606 00ee 01       		.byte	0x1
 607 00ef 99       		.byte	0x99
 608 00f0 8D000000 		.4byte	0x8d
ARM GAS  C:\Users\STUDEN~1\AppData\Local\Temp\ccyLgvMu.s 			page 19


 609 00f4 00       		.byte	0
 610 00f5 09       		.uleb128 0x9
 611 00f6 2D000000 		.4byte	.LASF21
 612 00fa 01       		.byte	0x1
 613 00fb 9A       		.byte	0x9a
 614 00fc 8D000000 		.4byte	0x8d
 615 0100 01       		.byte	0x1
 616 0101 00       		.byte	0
 617 0102 03       		.uleb128 0x3
 618 0103 81020000 		.4byte	.LASF22
 619 0107 01       		.byte	0x1
 620 0108 9B       		.byte	0x9b
 621 0109 E1000000 		.4byte	0xe1
 622 010d 0A       		.uleb128 0xa
 623 010e 33010000 		.4byte	.LASF27
 624 0112 01       		.byte	0x1
 625 0113 AE       		.byte	0xae
 626 0114 00000000 		.4byte	.LFB3
 627 0118 32000000 		.4byte	.LFE3-.LFB3
 628 011c 01       		.uleb128 0x1
 629 011d 9C       		.byte	0x9c
 630 011e 7F010000 		.4byte	0x17f
 631 0122 0B       		.uleb128 0xb
 632 0123 51010000 		.4byte	.LASF23
 633 0127 01       		.byte	0x1
 634 0128 AE       		.byte	0xae
 635 0129 7F010000 		.4byte	0x17f
 636 012d 01       		.uleb128 0x1
 637 012e 50       		.byte	0x50
 638 012f 0B       		.uleb128 0xb
 639 0130 63010000 		.4byte	.LASF24
 640 0134 01       		.byte	0x1
 641 0135 AE       		.byte	0xae
 642 0136 8A010000 		.4byte	0x18a
 643 013a 01       		.uleb128 0x1
 644 013b 51       		.byte	0x51
 645 013c 0C       		.uleb128 0xc
 646 013d 6900     		.ascii	"i\000"
 647 013f 01       		.byte	0x1
 648 0140 B1       		.byte	0xb1
 649 0141 A5000000 		.4byte	0xa5
 650 0145 00000000 		.4byte	.LLST0
 651 0149 0C       		.uleb128 0xc
 652 014a 6A00     		.ascii	"j\000"
 653 014c 01       		.byte	0x1
 654 014d B1       		.byte	0xb1
 655 014e A5000000 		.4byte	0xa5
 656 0152 1F000000 		.4byte	.LLST1
 657 0156 0D       		.uleb128 0xd
 658 0157 08000000 		.4byte	.LBB2
 659 015b 22000000 		.4byte	.LBE2-.LBB2
 660 015f 0E       		.uleb128 0xe
 661 0160 49020000 		.4byte	.LASF25
 662 0164 01       		.byte	0x1
 663 0165 B4       		.byte	0xb4
 664 0166 A5000000 		.4byte	0xa5
 665 016a 3E000000 		.4byte	.LLST2
ARM GAS  C:\Users\STUDEN~1\AppData\Local\Temp\ccyLgvMu.s 			page 20


 666 016e 0E       		.uleb128 0xe
 667 016f 33000000 		.4byte	.LASF26
 668 0173 01       		.byte	0x1
 669 0174 B5       		.byte	0xb5
 670 0175 8D000000 		.4byte	0x8d
 671 0179 51000000 		.4byte	.LLST3
 672 017d 00       		.byte	0
 673 017e 00       		.byte	0
 674 017f 0F       		.uleb128 0xf
 675 0180 04       		.byte	0x4
 676 0181 85010000 		.4byte	0x185
 677 0185 10       		.uleb128 0x10
 678 0186 A5000000 		.4byte	0xa5
 679 018a 0F       		.uleb128 0xf
 680 018b 04       		.byte	0x4
 681 018c 90010000 		.4byte	0x190
 682 0190 10       		.uleb128 0x10
 683 0191 02010000 		.4byte	0x102
 684 0195 0A       		.uleb128 0xa
 685 0196 A0000000 		.4byte	.LASF28
 686 019a 01       		.byte	0x1
 687 019b 4C       		.byte	0x4c
 688 019c 00000000 		.4byte	.LFB0
 689 01a0 0C000000 		.4byte	.LFE0-.LFB0
 690 01a4 01       		.uleb128 0x1
 691 01a5 9C       		.byte	0x9c
 692 01a6 E2010000 		.4byte	0x1e2
 693 01aa 11       		.uleb128 0x11
 694 01ab 7300     		.ascii	"s\000"
 695 01ad 01       		.byte	0x1
 696 01ae 4C       		.byte	0x4c
 697 01af 84000000 		.4byte	0x84
 698 01b3 6F000000 		.4byte	.LLST4
 699 01b7 11       		.uleb128 0x11
 700 01b8 6E00     		.ascii	"n\000"
 701 01ba 01       		.byte	0x1
 702 01bb 4C       		.byte	0x4c
 703 01bc 2C000000 		.4byte	0x2c
 704 01c0 90000000 		.4byte	.LLST5
 705 01c4 12       		.uleb128 0x12
 706 01c5 0A000000 		.4byte	.LVL14
 707 01c9 D9030000 		.4byte	0x3d9
 708 01cd 13       		.uleb128 0x13
 709 01ce 01       		.uleb128 0x1
 710 01cf 50       		.byte	0x50
 711 01d0 03       		.uleb128 0x3
 712 01d1 F3       		.byte	0xf3
 713 01d2 01       		.uleb128 0x1
 714 01d3 50       		.byte	0x50
 715 01d4 13       		.uleb128 0x13
 716 01d5 01       		.uleb128 0x1
 717 01d6 51       		.byte	0x51
 718 01d7 01       		.uleb128 0x1
 719 01d8 30       		.byte	0x30
 720 01d9 13       		.uleb128 0x13
 721 01da 01       		.uleb128 0x1
 722 01db 52       		.byte	0x52
ARM GAS  C:\Users\STUDEN~1\AppData\Local\Temp\ccyLgvMu.s 			page 21


 723 01dc 03       		.uleb128 0x3
 724 01dd F3       		.byte	0xf3
 725 01de 01       		.uleb128 0x1
 726 01df 51       		.byte	0x51
 727 01e0 00       		.byte	0
 728 01e1 00       		.byte	0
 729 01e2 0A       		.uleb128 0xa
 730 01e3 39000000 		.4byte	.LASF29
 731 01e7 01       		.byte	0x1
 732 01e8 D3       		.byte	0xd3
 733 01e9 00000000 		.4byte	.LFB4
 734 01ed 5C000000 		.4byte	.LFE4-.LFB4
 735 01f1 01       		.uleb128 0x1
 736 01f2 9C       		.byte	0x9c
 737 01f3 2D020000 		.4byte	0x22d
 738 01f7 14       		.uleb128 0x14
 739 01f8 14000000 		.4byte	.LVL15
 740 01fc E2030000 		.4byte	0x3e2
 741 0200 0A020000 		.4byte	0x20a
 742 0204 13       		.uleb128 0x13
 743 0205 01       		.uleb128 0x1
 744 0206 50       		.byte	0x50
 745 0207 01       		.uleb128 0x1
 746 0208 48       		.byte	0x48
 747 0209 00       		.byte	0
 748 020a 14       		.uleb128 0x14
 749 020b 34000000 		.4byte	.LVL16
 750 020f ED030000 		.4byte	0x3ed
 751 0213 1D020000 		.4byte	0x21d
 752 0217 13       		.uleb128 0x13
 753 0218 01       		.uleb128 0x1
 754 0219 50       		.byte	0x50
 755 021a 01       		.uleb128 0x1
 756 021b 39       		.byte	0x39
 757 021c 00       		.byte	0
 758 021d 12       		.uleb128 0x12
 759 021e 3A000000 		.4byte	.LVL17
 760 0222 F8030000 		.4byte	0x3f8
 761 0226 13       		.uleb128 0x13
 762 0227 01       		.uleb128 0x1
 763 0228 50       		.byte	0x50
 764 0229 01       		.uleb128 0x1
 765 022a 39       		.byte	0x39
 766 022b 00       		.byte	0
 767 022c 00       		.byte	0
 768 022d 15       		.uleb128 0x15
 769 022e AA000000 		.4byte	.LASF33
 770 0232 01       		.byte	0x1
 771 0233 1601     		.2byte	0x116
 772 0235 00000000 		.4byte	.LFB6
 773 0239 40000000 		.4byte	.LFE6-.LFB6
 774 023d 01       		.uleb128 0x1
 775 023e 9C       		.byte	0x9c
 776 023f 62020000 		.4byte	0x262
 777 0243 16       		.uleb128 0x16
 778 0244 9B020000 		.4byte	.LASF30
 779 0248 01       		.byte	0x1
ARM GAS  C:\Users\STUDEN~1\AppData\Local\Temp\ccyLgvMu.s 			page 22


 780 0249 1601     		.2byte	0x116
 781 024b 8D000000 		.4byte	0x8d
 782 024f 01       		.uleb128 0x1
 783 0250 50       		.byte	0x50
 784 0251 17       		.uleb128 0x17
 785 0252 09030000 		.4byte	.LASF31
 786 0256 01       		.byte	0x1
 787 0257 1801     		.2byte	0x118
 788 0259 A5000000 		.4byte	0xa5
 789 025d BC000000 		.4byte	.LLST6
 790 0261 00       		.byte	0
 791 0262 18       		.uleb128 0x18
 792 0263 0D000000 		.4byte	.LASF32
 793 0267 01       		.byte	0x1
 794 0268 0001     		.2byte	0x100
 795 026a 00000000 		.4byte	.LFB5
 796 026e 0A000000 		.4byte	.LFE5-.LFB5
 797 0272 01       		.uleb128 0x1
 798 0273 9C       		.byte	0x9c
 799 0274 88020000 		.4byte	0x288
 800 0278 12       		.uleb128 0x12
 801 0279 08000000 		.4byte	.LVL27
 802 027d 2D020000 		.4byte	0x22d
 803 0281 13       		.uleb128 0x13
 804 0282 01       		.uleb128 0x1
 805 0283 50       		.byte	0x50
 806 0284 01       		.uleb128 0x1
 807 0285 31       		.byte	0x31
 808 0286 00       		.byte	0
 809 0287 00       		.byte	0
 810 0288 15       		.uleb128 0x15
 811 0289 82010000 		.4byte	.LASF34
 812 028d 01       		.byte	0x1
 813 028e 4201     		.2byte	0x142
 814 0290 5C000000 		.4byte	.LFB7
 815 0294 C0000000 		.4byte	.LFE7-.LFB7
 816 0298 01       		.uleb128 0x1
 817 0299 9C       		.byte	0x9c
 818 029a AF030000 		.4byte	0x3af
 819 029e 19       		.uleb128 0x19
 820 029f 60000000 		.4byte	.LBB3
 821 02a3 74000000 		.4byte	.LBE3-.LBB3
 822 02a7 9C030000 		.4byte	0x39c
 823 02ab 1A       		.uleb128 0x1a
 824 02ac 44000000 		.4byte	.LASF35
 825 02b0 01       		.byte	0x1
 826 02b1 4801     		.2byte	0x148
 827 02b3 BF030000 		.4byte	0x3bf
 828 02b7 05       		.uleb128 0x5
 829 02b8 03       		.byte	0x3
 830 02b9 28000000 		.4byte	cy_cfg_addr_table.4870
 831 02bd 1A       		.uleb128 0x1a
 832 02be 56000000 		.4byte	.LASF36
 833 02c2 01       		.byte	0x1
 834 02c3 5001     		.2byte	0x150
 835 02c5 D4030000 		.4byte	0x3d4
 836 02c9 05       		.uleb128 0x5
ARM GAS  C:\Users\STUDEN~1\AppData\Local\Temp\ccyLgvMu.s 			page 23


 837 02ca 03       		.byte	0x3
 838 02cb 0C000000 		.4byte	cy_cfg_data_table.4871
 839 02cf 1B       		.uleb128 0x1b
 840 02d0 06       		.byte	0x6
 841 02d1 01       		.byte	0x1
 842 02d2 6201     		.2byte	0x162
 843 02d4 F3020000 		.4byte	0x2f3
 844 02d8 1C       		.uleb128 0x1c
 845 02d9 8F010000 		.4byte	.LASF37
 846 02dd 01       		.byte	0x1
 847 02de 6301     		.2byte	0x163
 848 02e0 84000000 		.4byte	0x84
 849 02e4 00       		.byte	0
 850 02e5 1C       		.uleb128 0x1c
 851 02e6 7E000000 		.4byte	.LASF38
 852 02ea 01       		.byte	0x1
 853 02eb 6401     		.2byte	0x164
 854 02ed 99000000 		.4byte	0x99
 855 02f1 04       		.byte	0x4
 856 02f2 00       		.byte	0
 857 02f3 06       		.uleb128 0x6
 858 02f4 3C020000 		.4byte	.LASF39
 859 02f8 01       		.byte	0x1
 860 02f9 6501     		.2byte	0x165
 861 02fb CF020000 		.4byte	0x2cf
 862 02ff 1D       		.uleb128 0x1d
 863 0300 0F030000 		.4byte	0x30f
 864 0304 0F030000 		.4byte	0x30f
 865 0308 1E       		.uleb128 0x1e
 866 0309 7D000000 		.4byte	0x7d
 867 030d 01       		.byte	0x1
 868 030e 00       		.byte	0
 869 030f 10       		.uleb128 0x10
 870 0310 F3020000 		.4byte	0x2f3
 871 0314 1A       		.uleb128 0x1a
 872 0315 6E000000 		.4byte	.LASF40
 873 0319 01       		.byte	0x1
 874 031a 6701     		.2byte	0x167
 875 031c 26030000 		.4byte	0x326
 876 0320 05       		.uleb128 0x5
 877 0321 03       		.byte	0x3
 878 0322 00000000 		.4byte	cfg_memset_list.4876
 879 0326 10       		.uleb128 0x10
 880 0327 FF020000 		.4byte	0x2ff
 881 032b 1F       		.uleb128 0x1f
 882 032c 6900     		.ascii	"i\000"
 883 032e 01       		.byte	0x1
 884 032f 6D01     		.2byte	0x16d
 885 0331 8D000000 		.4byte	0x8d
 886 0335 F1000000 		.4byte	.LLST7
 887 0339 19       		.uleb128 0x19
 888 033a 64000000 		.4byte	.LBB4
 889 033e 1C000000 		.4byte	.LBE4-.LBB4
 890 0342 7F030000 		.4byte	0x37f
 891 0346 1F       		.uleb128 0x1f
 892 0347 6D7300   		.ascii	"ms\000"
 893 034a 01       		.byte	0x1
ARM GAS  C:\Users\STUDEN~1\AppData\Local\Temp\ccyLgvMu.s 			page 24


 894 034b 7201     		.2byte	0x172
 895 034d 55030000 		.4byte	0x355
 896 0351 1B010000 		.4byte	.LLST8
 897 0355 0F       		.uleb128 0xf
 898 0356 04       		.byte	0x4
 899 0357 0F030000 		.4byte	0x30f
 900 035b 12       		.uleb128 0x12
 901 035c 80000000 		.4byte	.LVL30
 902 0360 95010000 		.4byte	0x195
 903 0364 13       		.uleb128 0x13
 904 0365 01       		.uleb128 0x1
 905 0366 51       		.byte	0x51
 906 0367 15       		.uleb128 0x15
 907 0368 74       		.byte	0x74
 908 0369 00       		.sleb128 0
 909 036a 31       		.byte	0x31
 910 036b 24       		.byte	0x24
 911 036c 74       		.byte	0x74
 912 036d 00       		.sleb128 0
 913 036e 22       		.byte	0x22
 914 036f 31       		.byte	0x31
 915 0370 24       		.byte	0x24
 916 0371 03       		.byte	0x3
 917 0372 04000000 		.4byte	.LANCHOR0+4
 918 0376 22       		.byte	0x22
 919 0377 94       		.byte	0x94
 920 0378 02       		.byte	0x2
 921 0379 0A       		.byte	0xa
 922 037a FFFF     		.2byte	0xffff
 923 037c 1A       		.byte	0x1a
 924 037d 00       		.byte	0
 925 037e 00       		.byte	0
 926 037f 12       		.uleb128 0x12
 927 0380 94000000 		.4byte	.LVL33
 928 0384 0D010000 		.4byte	0x10d
 929 0388 13       		.uleb128 0x13
 930 0389 01       		.uleb128 0x1
 931 038a 50       		.byte	0x50
 932 038b 05       		.uleb128 0x5
 933 038c 03       		.byte	0x3
 934 038d 28000000 		.4byte	.LANCHOR0+40
 935 0391 13       		.uleb128 0x13
 936 0392 01       		.uleb128 0x1
 937 0393 51       		.byte	0x51
 938 0394 05       		.uleb128 0x5
 939 0395 03       		.byte	0x3
 940 0396 0C000000 		.4byte	.LANCHOR0+12
 941 039a 00       		.byte	0
 942 039b 00       		.byte	0
 943 039c 20       		.uleb128 0x20
 944 039d EA000000 		.4byte	.LVL34
 945 03a1 E2010000 		.4byte	0x1e2
 946 03a5 20       		.uleb128 0x20
 947 03a6 EE000000 		.4byte	.LVL35
 948 03aa 62020000 		.4byte	0x262
 949 03ae 00       		.byte	0
 950 03af 1D       		.uleb128 0x1d
ARM GAS  C:\Users\STUDEN~1\AppData\Local\Temp\ccyLgvMu.s 			page 25


 951 03b0 85010000 		.4byte	0x185
 952 03b4 BF030000 		.4byte	0x3bf
 953 03b8 1E       		.uleb128 0x1e
 954 03b9 7D000000 		.4byte	0x7d
 955 03bd 04       		.byte	0x4
 956 03be 00       		.byte	0
 957 03bf 10       		.uleb128 0x10
 958 03c0 AF030000 		.4byte	0x3af
 959 03c4 1D       		.uleb128 0x1d
 960 03c5 90010000 		.4byte	0x190
 961 03c9 D4030000 		.4byte	0x3d4
 962 03cd 1E       		.uleb128 0x1e
 963 03ce 7D000000 		.4byte	0x7d
 964 03d2 0C       		.byte	0xc
 965 03d3 00       		.byte	0
 966 03d4 10       		.uleb128 0x10
 967 03d5 C4030000 		.4byte	0x3c4
 968 03d9 21       		.uleb128 0x21
 969 03da CE000000 		.4byte	.LASF47
 970 03de CE000000 		.4byte	.LASF47
 971 03e2 22       		.uleb128 0x22
 972 03e3 AD020000 		.4byte	.LASF41
 973 03e7 AD020000 		.4byte	.LASF41
 974 03eb 04       		.byte	0x4
 975 03ec 6C       		.byte	0x6c
 976 03ed 22       		.uleb128 0x22
 977 03ee 1E000000 		.4byte	.LASF42
 978 03f2 1E000000 		.4byte	.LASF42
 979 03f6 04       		.byte	0x4
 980 03f7 BD       		.byte	0xbd
 981 03f8 22       		.uleb128 0x22
 982 03f9 45010000 		.4byte	.LASF43
 983 03fd 45010000 		.4byte	.LASF43
 984 0401 04       		.byte	0x4
 985 0402 C3       		.byte	0xc3
 986 0403 00       		.byte	0
 987              		.section	.debug_abbrev,"",%progbits
 988              	.Ldebug_abbrev0:
 989 0000 01       		.uleb128 0x1
 990 0001 11       		.uleb128 0x11
 991 0002 01       		.byte	0x1
 992 0003 25       		.uleb128 0x25
 993 0004 0E       		.uleb128 0xe
 994 0005 13       		.uleb128 0x13
 995 0006 0B       		.uleb128 0xb
 996 0007 03       		.uleb128 0x3
 997 0008 0E       		.uleb128 0xe
 998 0009 1B       		.uleb128 0x1b
 999 000a 0E       		.uleb128 0xe
 1000 000b 55       		.uleb128 0x55
 1001 000c 17       		.uleb128 0x17
 1002 000d 11       		.uleb128 0x11
 1003 000e 01       		.uleb128 0x1
 1004 000f 10       		.uleb128 0x10
 1005 0010 17       		.uleb128 0x17
 1006 0011 00       		.byte	0
 1007 0012 00       		.byte	0
ARM GAS  C:\Users\STUDEN~1\AppData\Local\Temp\ccyLgvMu.s 			page 26


 1008 0013 02       		.uleb128 0x2
 1009 0014 24       		.uleb128 0x24
 1010 0015 00       		.byte	0
 1011 0016 0B       		.uleb128 0xb
 1012 0017 0B       		.uleb128 0xb
 1013 0018 3E       		.uleb128 0x3e
 1014 0019 0B       		.uleb128 0xb
 1015 001a 03       		.uleb128 0x3
 1016 001b 08       		.uleb128 0x8
 1017 001c 00       		.byte	0
 1018 001d 00       		.byte	0
 1019 001e 03       		.uleb128 0x3
 1020 001f 16       		.uleb128 0x16
 1021 0020 00       		.byte	0
 1022 0021 03       		.uleb128 0x3
 1023 0022 0E       		.uleb128 0xe
 1024 0023 3A       		.uleb128 0x3a
 1025 0024 0B       		.uleb128 0xb
 1026 0025 3B       		.uleb128 0x3b
 1027 0026 0B       		.uleb128 0xb
 1028 0027 49       		.uleb128 0x49
 1029 0028 13       		.uleb128 0x13
 1030 0029 00       		.byte	0
 1031 002a 00       		.byte	0
 1032 002b 04       		.uleb128 0x4
 1033 002c 24       		.uleb128 0x24
 1034 002d 00       		.byte	0
 1035 002e 0B       		.uleb128 0xb
 1036 002f 0B       		.uleb128 0xb
 1037 0030 3E       		.uleb128 0x3e
 1038 0031 0B       		.uleb128 0xb
 1039 0032 03       		.uleb128 0x3
 1040 0033 0E       		.uleb128 0xe
 1041 0034 00       		.byte	0
 1042 0035 00       		.byte	0
 1043 0036 05       		.uleb128 0x5
 1044 0037 0F       		.uleb128 0xf
 1045 0038 00       		.byte	0
 1046 0039 0B       		.uleb128 0xb
 1047 003a 0B       		.uleb128 0xb
 1048 003b 00       		.byte	0
 1049 003c 00       		.byte	0
 1050 003d 06       		.uleb128 0x6
 1051 003e 16       		.uleb128 0x16
 1052 003f 00       		.byte	0
 1053 0040 03       		.uleb128 0x3
 1054 0041 0E       		.uleb128 0xe
 1055 0042 3A       		.uleb128 0x3a
 1056 0043 0B       		.uleb128 0xb
 1057 0044 3B       		.uleb128 0x3b
 1058 0045 05       		.uleb128 0x5
 1059 0046 49       		.uleb128 0x49
 1060 0047 13       		.uleb128 0x13
 1061 0048 00       		.byte	0
 1062 0049 00       		.byte	0
 1063 004a 07       		.uleb128 0x7
 1064 004b 35       		.uleb128 0x35
ARM GAS  C:\Users\STUDEN~1\AppData\Local\Temp\ccyLgvMu.s 			page 27


 1065 004c 00       		.byte	0
 1066 004d 49       		.uleb128 0x49
 1067 004e 13       		.uleb128 0x13
 1068 004f 00       		.byte	0
 1069 0050 00       		.byte	0
 1070 0051 08       		.uleb128 0x8
 1071 0052 13       		.uleb128 0x13
 1072 0053 01       		.byte	0x1
 1073 0054 0B       		.uleb128 0xb
 1074 0055 0B       		.uleb128 0xb
 1075 0056 3A       		.uleb128 0x3a
 1076 0057 0B       		.uleb128 0xb
 1077 0058 3B       		.uleb128 0x3b
 1078 0059 0B       		.uleb128 0xb
 1079 005a 01       		.uleb128 0x1
 1080 005b 13       		.uleb128 0x13
 1081 005c 00       		.byte	0
 1082 005d 00       		.byte	0
 1083 005e 09       		.uleb128 0x9
 1084 005f 0D       		.uleb128 0xd
 1085 0060 00       		.byte	0
 1086 0061 03       		.uleb128 0x3
 1087 0062 0E       		.uleb128 0xe
 1088 0063 3A       		.uleb128 0x3a
 1089 0064 0B       		.uleb128 0xb
 1090 0065 3B       		.uleb128 0x3b
 1091 0066 0B       		.uleb128 0xb
 1092 0067 49       		.uleb128 0x49
 1093 0068 13       		.uleb128 0x13
 1094 0069 38       		.uleb128 0x38
 1095 006a 0B       		.uleb128 0xb
 1096 006b 00       		.byte	0
 1097 006c 00       		.byte	0
 1098 006d 0A       		.uleb128 0xa
 1099 006e 2E       		.uleb128 0x2e
 1100 006f 01       		.byte	0x1
 1101 0070 03       		.uleb128 0x3
 1102 0071 0E       		.uleb128 0xe
 1103 0072 3A       		.uleb128 0x3a
 1104 0073 0B       		.uleb128 0xb
 1105 0074 3B       		.uleb128 0x3b
 1106 0075 0B       		.uleb128 0xb
 1107 0076 27       		.uleb128 0x27
 1108 0077 19       		.uleb128 0x19
 1109 0078 11       		.uleb128 0x11
 1110 0079 01       		.uleb128 0x1
 1111 007a 12       		.uleb128 0x12
 1112 007b 06       		.uleb128 0x6
 1113 007c 40       		.uleb128 0x40
 1114 007d 18       		.uleb128 0x18
 1115 007e 9742     		.uleb128 0x2117
 1116 0080 19       		.uleb128 0x19
 1117 0081 01       		.uleb128 0x1
 1118 0082 13       		.uleb128 0x13
 1119 0083 00       		.byte	0
 1120 0084 00       		.byte	0
 1121 0085 0B       		.uleb128 0xb
ARM GAS  C:\Users\STUDEN~1\AppData\Local\Temp\ccyLgvMu.s 			page 28


 1122 0086 05       		.uleb128 0x5
 1123 0087 00       		.byte	0
 1124 0088 03       		.uleb128 0x3
 1125 0089 0E       		.uleb128 0xe
 1126 008a 3A       		.uleb128 0x3a
 1127 008b 0B       		.uleb128 0xb
 1128 008c 3B       		.uleb128 0x3b
 1129 008d 0B       		.uleb128 0xb
 1130 008e 49       		.uleb128 0x49
 1131 008f 13       		.uleb128 0x13
 1132 0090 02       		.uleb128 0x2
 1133 0091 18       		.uleb128 0x18
 1134 0092 00       		.byte	0
 1135 0093 00       		.byte	0
 1136 0094 0C       		.uleb128 0xc
 1137 0095 34       		.uleb128 0x34
 1138 0096 00       		.byte	0
 1139 0097 03       		.uleb128 0x3
 1140 0098 08       		.uleb128 0x8
 1141 0099 3A       		.uleb128 0x3a
 1142 009a 0B       		.uleb128 0xb
 1143 009b 3B       		.uleb128 0x3b
 1144 009c 0B       		.uleb128 0xb
 1145 009d 49       		.uleb128 0x49
 1146 009e 13       		.uleb128 0x13
 1147 009f 02       		.uleb128 0x2
 1148 00a0 17       		.uleb128 0x17
 1149 00a1 00       		.byte	0
 1150 00a2 00       		.byte	0
 1151 00a3 0D       		.uleb128 0xd
 1152 00a4 0B       		.uleb128 0xb
 1153 00a5 01       		.byte	0x1
 1154 00a6 11       		.uleb128 0x11
 1155 00a7 01       		.uleb128 0x1
 1156 00a8 12       		.uleb128 0x12
 1157 00a9 06       		.uleb128 0x6
 1158 00aa 00       		.byte	0
 1159 00ab 00       		.byte	0
 1160 00ac 0E       		.uleb128 0xe
 1161 00ad 34       		.uleb128 0x34
 1162 00ae 00       		.byte	0
 1163 00af 03       		.uleb128 0x3
 1164 00b0 0E       		.uleb128 0xe
 1165 00b1 3A       		.uleb128 0x3a
 1166 00b2 0B       		.uleb128 0xb
 1167 00b3 3B       		.uleb128 0x3b
 1168 00b4 0B       		.uleb128 0xb
 1169 00b5 49       		.uleb128 0x49
 1170 00b6 13       		.uleb128 0x13
 1171 00b7 02       		.uleb128 0x2
 1172 00b8 17       		.uleb128 0x17
 1173 00b9 00       		.byte	0
 1174 00ba 00       		.byte	0
 1175 00bb 0F       		.uleb128 0xf
 1176 00bc 0F       		.uleb128 0xf
 1177 00bd 00       		.byte	0
 1178 00be 0B       		.uleb128 0xb
ARM GAS  C:\Users\STUDEN~1\AppData\Local\Temp\ccyLgvMu.s 			page 29


 1179 00bf 0B       		.uleb128 0xb
 1180 00c0 49       		.uleb128 0x49
 1181 00c1 13       		.uleb128 0x13
 1182 00c2 00       		.byte	0
 1183 00c3 00       		.byte	0
 1184 00c4 10       		.uleb128 0x10
 1185 00c5 26       		.uleb128 0x26
 1186 00c6 00       		.byte	0
 1187 00c7 49       		.uleb128 0x49
 1188 00c8 13       		.uleb128 0x13
 1189 00c9 00       		.byte	0
 1190 00ca 00       		.byte	0
 1191 00cb 11       		.uleb128 0x11
 1192 00cc 05       		.uleb128 0x5
 1193 00cd 00       		.byte	0
 1194 00ce 03       		.uleb128 0x3
 1195 00cf 08       		.uleb128 0x8
 1196 00d0 3A       		.uleb128 0x3a
 1197 00d1 0B       		.uleb128 0xb
 1198 00d2 3B       		.uleb128 0x3b
 1199 00d3 0B       		.uleb128 0xb
 1200 00d4 49       		.uleb128 0x49
 1201 00d5 13       		.uleb128 0x13
 1202 00d6 02       		.uleb128 0x2
 1203 00d7 17       		.uleb128 0x17
 1204 00d8 00       		.byte	0
 1205 00d9 00       		.byte	0
 1206 00da 12       		.uleb128 0x12
 1207 00db 898201   		.uleb128 0x4109
 1208 00de 01       		.byte	0x1
 1209 00df 11       		.uleb128 0x11
 1210 00e0 01       		.uleb128 0x1
 1211 00e1 31       		.uleb128 0x31
 1212 00e2 13       		.uleb128 0x13
 1213 00e3 00       		.byte	0
 1214 00e4 00       		.byte	0
 1215 00e5 13       		.uleb128 0x13
 1216 00e6 8A8201   		.uleb128 0x410a
 1217 00e9 00       		.byte	0
 1218 00ea 02       		.uleb128 0x2
 1219 00eb 18       		.uleb128 0x18
 1220 00ec 9142     		.uleb128 0x2111
 1221 00ee 18       		.uleb128 0x18
 1222 00ef 00       		.byte	0
 1223 00f0 00       		.byte	0
 1224 00f1 14       		.uleb128 0x14
 1225 00f2 898201   		.uleb128 0x4109
 1226 00f5 01       		.byte	0x1
 1227 00f6 11       		.uleb128 0x11
 1228 00f7 01       		.uleb128 0x1
 1229 00f8 31       		.uleb128 0x31
 1230 00f9 13       		.uleb128 0x13
 1231 00fa 01       		.uleb128 0x1
 1232 00fb 13       		.uleb128 0x13
 1233 00fc 00       		.byte	0
 1234 00fd 00       		.byte	0
 1235 00fe 15       		.uleb128 0x15
ARM GAS  C:\Users\STUDEN~1\AppData\Local\Temp\ccyLgvMu.s 			page 30


 1236 00ff 2E       		.uleb128 0x2e
 1237 0100 01       		.byte	0x1
 1238 0101 3F       		.uleb128 0x3f
 1239 0102 19       		.uleb128 0x19
 1240 0103 03       		.uleb128 0x3
 1241 0104 0E       		.uleb128 0xe
 1242 0105 3A       		.uleb128 0x3a
 1243 0106 0B       		.uleb128 0xb
 1244 0107 3B       		.uleb128 0x3b
 1245 0108 05       		.uleb128 0x5
 1246 0109 27       		.uleb128 0x27
 1247 010a 19       		.uleb128 0x19
 1248 010b 11       		.uleb128 0x11
 1249 010c 01       		.uleb128 0x1
 1250 010d 12       		.uleb128 0x12
 1251 010e 06       		.uleb128 0x6
 1252 010f 40       		.uleb128 0x40
 1253 0110 18       		.uleb128 0x18
 1254 0111 9742     		.uleb128 0x2117
 1255 0113 19       		.uleb128 0x19
 1256 0114 01       		.uleb128 0x1
 1257 0115 13       		.uleb128 0x13
 1258 0116 00       		.byte	0
 1259 0117 00       		.byte	0
 1260 0118 16       		.uleb128 0x16
 1261 0119 05       		.uleb128 0x5
 1262 011a 00       		.byte	0
 1263 011b 03       		.uleb128 0x3
 1264 011c 0E       		.uleb128 0xe
 1265 011d 3A       		.uleb128 0x3a
 1266 011e 0B       		.uleb128 0xb
 1267 011f 3B       		.uleb128 0x3b
 1268 0120 05       		.uleb128 0x5
 1269 0121 49       		.uleb128 0x49
 1270 0122 13       		.uleb128 0x13
 1271 0123 02       		.uleb128 0x2
 1272 0124 18       		.uleb128 0x18
 1273 0125 00       		.byte	0
 1274 0126 00       		.byte	0
 1275 0127 17       		.uleb128 0x17
 1276 0128 34       		.uleb128 0x34
 1277 0129 00       		.byte	0
 1278 012a 03       		.uleb128 0x3
 1279 012b 0E       		.uleb128 0xe
 1280 012c 3A       		.uleb128 0x3a
 1281 012d 0B       		.uleb128 0xb
 1282 012e 3B       		.uleb128 0x3b
 1283 012f 05       		.uleb128 0x5
 1284 0130 49       		.uleb128 0x49
 1285 0131 13       		.uleb128 0x13
 1286 0132 02       		.uleb128 0x2
 1287 0133 17       		.uleb128 0x17
 1288 0134 00       		.byte	0
 1289 0135 00       		.byte	0
 1290 0136 18       		.uleb128 0x18
 1291 0137 2E       		.uleb128 0x2e
 1292 0138 01       		.byte	0x1
ARM GAS  C:\Users\STUDEN~1\AppData\Local\Temp\ccyLgvMu.s 			page 31


 1293 0139 03       		.uleb128 0x3
 1294 013a 0E       		.uleb128 0xe
 1295 013b 3A       		.uleb128 0x3a
 1296 013c 0B       		.uleb128 0xb
 1297 013d 3B       		.uleb128 0x3b
 1298 013e 05       		.uleb128 0x5
 1299 013f 27       		.uleb128 0x27
 1300 0140 19       		.uleb128 0x19
 1301 0141 11       		.uleb128 0x11
 1302 0142 01       		.uleb128 0x1
 1303 0143 12       		.uleb128 0x12
 1304 0144 06       		.uleb128 0x6
 1305 0145 40       		.uleb128 0x40
 1306 0146 18       		.uleb128 0x18
 1307 0147 9742     		.uleb128 0x2117
 1308 0149 19       		.uleb128 0x19
 1309 014a 01       		.uleb128 0x1
 1310 014b 13       		.uleb128 0x13
 1311 014c 00       		.byte	0
 1312 014d 00       		.byte	0
 1313 014e 19       		.uleb128 0x19
 1314 014f 0B       		.uleb128 0xb
 1315 0150 01       		.byte	0x1
 1316 0151 11       		.uleb128 0x11
 1317 0152 01       		.uleb128 0x1
 1318 0153 12       		.uleb128 0x12
 1319 0154 06       		.uleb128 0x6
 1320 0155 01       		.uleb128 0x1
 1321 0156 13       		.uleb128 0x13
 1322 0157 00       		.byte	0
 1323 0158 00       		.byte	0
 1324 0159 1A       		.uleb128 0x1a
 1325 015a 34       		.uleb128 0x34
 1326 015b 00       		.byte	0
 1327 015c 03       		.uleb128 0x3
 1328 015d 0E       		.uleb128 0xe
 1329 015e 3A       		.uleb128 0x3a
 1330 015f 0B       		.uleb128 0xb
 1331 0160 3B       		.uleb128 0x3b
 1332 0161 05       		.uleb128 0x5
 1333 0162 49       		.uleb128 0x49
 1334 0163 13       		.uleb128 0x13
 1335 0164 02       		.uleb128 0x2
 1336 0165 18       		.uleb128 0x18
 1337 0166 00       		.byte	0
 1338 0167 00       		.byte	0
 1339 0168 1B       		.uleb128 0x1b
 1340 0169 13       		.uleb128 0x13
 1341 016a 01       		.byte	0x1
 1342 016b 0B       		.uleb128 0xb
 1343 016c 0B       		.uleb128 0xb
 1344 016d 3A       		.uleb128 0x3a
 1345 016e 0B       		.uleb128 0xb
 1346 016f 3B       		.uleb128 0x3b
 1347 0170 05       		.uleb128 0x5
 1348 0171 01       		.uleb128 0x1
 1349 0172 13       		.uleb128 0x13
ARM GAS  C:\Users\STUDEN~1\AppData\Local\Temp\ccyLgvMu.s 			page 32


 1350 0173 00       		.byte	0
 1351 0174 00       		.byte	0
 1352 0175 1C       		.uleb128 0x1c
 1353 0176 0D       		.uleb128 0xd
 1354 0177 00       		.byte	0
 1355 0178 03       		.uleb128 0x3
 1356 0179 0E       		.uleb128 0xe
 1357 017a 3A       		.uleb128 0x3a
 1358 017b 0B       		.uleb128 0xb
 1359 017c 3B       		.uleb128 0x3b
 1360 017d 05       		.uleb128 0x5
 1361 017e 49       		.uleb128 0x49
 1362 017f 13       		.uleb128 0x13
 1363 0180 38       		.uleb128 0x38
 1364 0181 0B       		.uleb128 0xb
 1365 0182 00       		.byte	0
 1366 0183 00       		.byte	0
 1367 0184 1D       		.uleb128 0x1d
 1368 0185 01       		.uleb128 0x1
 1369 0186 01       		.byte	0x1
 1370 0187 49       		.uleb128 0x49
 1371 0188 13       		.uleb128 0x13
 1372 0189 01       		.uleb128 0x1
 1373 018a 13       		.uleb128 0x13
 1374 018b 00       		.byte	0
 1375 018c 00       		.byte	0
 1376 018d 1E       		.uleb128 0x1e
 1377 018e 21       		.uleb128 0x21
 1378 018f 00       		.byte	0
 1379 0190 49       		.uleb128 0x49
 1380 0191 13       		.uleb128 0x13
 1381 0192 2F       		.uleb128 0x2f
 1382 0193 0B       		.uleb128 0xb
 1383 0194 00       		.byte	0
 1384 0195 00       		.byte	0
 1385 0196 1F       		.uleb128 0x1f
 1386 0197 34       		.uleb128 0x34
 1387 0198 00       		.byte	0
 1388 0199 03       		.uleb128 0x3
 1389 019a 08       		.uleb128 0x8
 1390 019b 3A       		.uleb128 0x3a
 1391 019c 0B       		.uleb128 0xb
 1392 019d 3B       		.uleb128 0x3b
 1393 019e 05       		.uleb128 0x5
 1394 019f 49       		.uleb128 0x49
 1395 01a0 13       		.uleb128 0x13
 1396 01a1 02       		.uleb128 0x2
 1397 01a2 17       		.uleb128 0x17
 1398 01a3 00       		.byte	0
 1399 01a4 00       		.byte	0
 1400 01a5 20       		.uleb128 0x20
 1401 01a6 898201   		.uleb128 0x4109
 1402 01a9 00       		.byte	0
 1403 01aa 11       		.uleb128 0x11
 1404 01ab 01       		.uleb128 0x1
 1405 01ac 31       		.uleb128 0x31
 1406 01ad 13       		.uleb128 0x13
ARM GAS  C:\Users\STUDEN~1\AppData\Local\Temp\ccyLgvMu.s 			page 33


 1407 01ae 00       		.byte	0
 1408 01af 00       		.byte	0
 1409 01b0 21       		.uleb128 0x21
 1410 01b1 2E       		.uleb128 0x2e
 1411 01b2 00       		.byte	0
 1412 01b3 3F       		.uleb128 0x3f
 1413 01b4 19       		.uleb128 0x19
 1414 01b5 3C       		.uleb128 0x3c
 1415 01b6 19       		.uleb128 0x19
 1416 01b7 6E       		.uleb128 0x6e
 1417 01b8 0E       		.uleb128 0xe
 1418 01b9 03       		.uleb128 0x3
 1419 01ba 0E       		.uleb128 0xe
 1420 01bb 00       		.byte	0
 1421 01bc 00       		.byte	0
 1422 01bd 22       		.uleb128 0x22
 1423 01be 2E       		.uleb128 0x2e
 1424 01bf 00       		.byte	0
 1425 01c0 3F       		.uleb128 0x3f
 1426 01c1 19       		.uleb128 0x19
 1427 01c2 3C       		.uleb128 0x3c
 1428 01c3 19       		.uleb128 0x19
 1429 01c4 6E       		.uleb128 0x6e
 1430 01c5 0E       		.uleb128 0xe
 1431 01c6 03       		.uleb128 0x3
 1432 01c7 0E       		.uleb128 0xe
 1433 01c8 3A       		.uleb128 0x3a
 1434 01c9 0B       		.uleb128 0xb
 1435 01ca 3B       		.uleb128 0x3b
 1436 01cb 0B       		.uleb128 0xb
 1437 01cc 00       		.byte	0
 1438 01cd 00       		.byte	0
 1439 01ce 00       		.byte	0
 1440              		.section	.debug_loc,"",%progbits
 1441              	.Ldebug_loc0:
 1442              	.LLST0:
 1443 0000 02000000 		.4byte	.LVL1
 1444 0004 08000000 		.4byte	.LVL2
 1445 0008 0200     		.2byte	0x2
 1446 000a 30       		.byte	0x30
 1447 000b 9F       		.byte	0x9f
 1448 000c 08000000 		.4byte	.LVL2
 1449 0010 30000000 		.4byte	.LVL11
 1450 0014 0100     		.2byte	0x1
 1451 0016 57       		.byte	0x57
 1452 0017 00000000 		.4byte	0
 1453 001b 00000000 		.4byte	0
 1454              	.LLST1:
 1455 001f 02000000 		.4byte	.LVL1
 1456 0023 08000000 		.4byte	.LVL2
 1457 0027 0200     		.2byte	0x2
 1458 0029 30       		.byte	0x30
 1459 002a 9F       		.byte	0x9f
 1460 002b 08000000 		.4byte	.LVL2
 1461 002f 30000000 		.4byte	.LVL10
 1462 0033 0100     		.2byte	0x1
 1463 0035 55       		.byte	0x55
ARM GAS  C:\Users\STUDEN~1\AppData\Local\Temp\ccyLgvMu.s 			page 34


 1464 0036 00000000 		.4byte	0
 1465 003a 00000000 		.4byte	0
 1466              	.LLST2:
 1467 003e 0C000000 		.4byte	.LVL3
 1468 0042 2C000000 		.4byte	.LVL9
 1469 0046 0100     		.2byte	0x1
 1470 0048 56       		.byte	0x56
 1471 0049 00000000 		.4byte	0
 1472 004d 00000000 		.4byte	0
 1473              	.LLST3:
 1474 0051 0E000000 		.4byte	.LVL4
 1475 0055 24000000 		.4byte	.LVL7
 1476 0059 0100     		.2byte	0x1
 1477 005b 53       		.byte	0x53
 1478 005c 26000000 		.4byte	.LVL8
 1479 0060 2C000000 		.4byte	.LVL9
 1480 0064 0100     		.2byte	0x1
 1481 0066 53       		.byte	0x53
 1482 0067 00000000 		.4byte	0
 1483 006b 00000000 		.4byte	0
 1484              	.LLST4:
 1485 006f 00000000 		.4byte	.LVL12
 1486 0073 09000000 		.4byte	.LVL14-1
 1487 0077 0100     		.2byte	0x1
 1488 0079 50       		.byte	0x50
 1489 007a 09000000 		.4byte	.LVL14-1
 1490 007e 0C000000 		.4byte	.LFE0
 1491 0082 0400     		.2byte	0x4
 1492 0084 F3       		.byte	0xf3
 1493 0085 01       		.uleb128 0x1
 1494 0086 50       		.byte	0x50
 1495 0087 9F       		.byte	0x9f
 1496 0088 00000000 		.4byte	0
 1497 008c 00000000 		.4byte	0
 1498              	.LLST5:
 1499 0090 00000000 		.4byte	.LVL12
 1500 0094 06000000 		.4byte	.LVL13
 1501 0098 0100     		.2byte	0x1
 1502 009a 51       		.byte	0x51
 1503 009b 06000000 		.4byte	.LVL13
 1504 009f 09000000 		.4byte	.LVL14-1
 1505 00a3 0100     		.2byte	0x1
 1506 00a5 52       		.byte	0x52
 1507 00a6 09000000 		.4byte	.LVL14-1
 1508 00aa 0C000000 		.4byte	.LFE0
 1509 00ae 0400     		.2byte	0x4
 1510 00b0 F3       		.byte	0xf3
 1511 00b1 01       		.uleb128 0x1
 1512 00b2 51       		.byte	0x51
 1513 00b3 9F       		.byte	0x9f
 1514 00b4 00000000 		.4byte	0
 1515 00b8 00000000 		.4byte	0
 1516              	.LLST6:
 1517 00bc 04000000 		.4byte	.LVL19
 1518 00c0 12000000 		.4byte	.LVL21
 1519 00c4 0100     		.2byte	0x1
 1520 00c6 53       		.byte	0x53
ARM GAS  C:\Users\STUDEN~1\AppData\Local\Temp\ccyLgvMu.s 			page 35


 1521 00c7 14000000 		.4byte	.LVL22
 1522 00cb 1A000000 		.4byte	.LVL23
 1523 00cf 0100     		.2byte	0x1
 1524 00d1 53       		.byte	0x53
 1525 00d2 1A000000 		.4byte	.LVL23
 1526 00d6 1C000000 		.4byte	.LVL24
 1527 00da 0200     		.2byte	0x2
 1528 00dc 72       		.byte	0x72
 1529 00dd 00       		.sleb128 0
 1530 00de 1C000000 		.4byte	.LVL24
 1531 00e2 40000000 		.4byte	.LFE6
 1532 00e6 0100     		.2byte	0x1
 1533 00e8 53       		.byte	0x53
 1534 00e9 00000000 		.4byte	0
 1535 00ed 00000000 		.4byte	0
 1536              	.LLST7:
 1537 00f1 60000000 		.4byte	.LVL28
 1538 00f5 64000000 		.4byte	.LVL29
 1539 00f9 0200     		.2byte	0x2
 1540 00fb 30       		.byte	0x30
 1541 00fc 9F       		.byte	0x9f
 1542 00fd 64000000 		.4byte	.LVL29
 1543 0101 82000000 		.4byte	.LVL31
 1544 0105 0100     		.2byte	0x1
 1545 0107 54       		.byte	0x54
 1546 0108 84000000 		.4byte	.LVL32
 1547 010c EE000000 		.4byte	.LVL36
 1548 0110 0100     		.2byte	0x1
 1549 0112 54       		.byte	0x54
 1550 0113 00000000 		.4byte	0
 1551 0117 00000000 		.4byte	0
 1552              	.LLST8:
 1553 011b 64000000 		.4byte	.LVL29
 1554 011f 82000000 		.4byte	.LVL31
 1555 0123 0B00     		.2byte	0xb
 1556 0125 74       		.byte	0x74
 1557 0126 00       		.sleb128 0
 1558 0127 36       		.byte	0x36
 1559 0128 1E       		.byte	0x1e
 1560 0129 03       		.byte	0x3
 1561 012a 00000000 		.4byte	cfg_memset_list.4876
 1562 012e 22       		.byte	0x22
 1563 012f 9F       		.byte	0x9f
 1564 0130 82000000 		.4byte	.LVL31
 1565 0134 84000000 		.4byte	.LVL32
 1566 0138 0B00     		.2byte	0xb
 1567 013a 74       		.byte	0x74
 1568 013b 7F       		.sleb128 -1
 1569 013c 36       		.byte	0x36
 1570 013d 1E       		.byte	0x1e
 1571 013e 03       		.byte	0x3
 1572 013f 00000000 		.4byte	cfg_memset_list.4876
 1573 0143 22       		.byte	0x22
 1574 0144 9F       		.byte	0x9f
 1575 0145 00000000 		.4byte	0
 1576 0149 00000000 		.4byte	0
 1577              		.section	.debug_aranges,"",%progbits
ARM GAS  C:\Users\STUDEN~1\AppData\Local\Temp\ccyLgvMu.s 			page 36


 1578 0000 44000000 		.4byte	0x44
 1579 0004 0200     		.2byte	0x2
 1580 0006 00000000 		.4byte	.Ldebug_info0
 1581 000a 04       		.byte	0x4
 1582 000b 00       		.byte	0
 1583 000c 0000     		.2byte	0
 1584 000e 0000     		.2byte	0
 1585 0010 00000000 		.4byte	.LFB3
 1586 0014 32000000 		.4byte	.LFE3-.LFB3
 1587 0018 00000000 		.4byte	.LFB0
 1588 001c 0C000000 		.4byte	.LFE0-.LFB0
 1589 0020 00000000 		.4byte	.LFB4
 1590 0024 5C000000 		.4byte	.LFE4-.LFB4
 1591 0028 00000000 		.4byte	.LFB6
 1592 002c 40000000 		.4byte	.LFE6-.LFB6
 1593 0030 00000000 		.4byte	.LFB5
 1594 0034 0A000000 		.4byte	.LFE5-.LFB5
 1595 0038 5C000000 		.4byte	.LFB7
 1596 003c C0000000 		.4byte	.LFE7-.LFB7
 1597 0040 00000000 		.4byte	0
 1598 0044 00000000 		.4byte	0
 1599              		.section	.debug_ranges,"",%progbits
 1600              	.Ldebug_ranges0:
 1601 0000 00000000 		.4byte	.LFB3
 1602 0004 32000000 		.4byte	.LFE3
 1603 0008 00000000 		.4byte	.LFB0
 1604 000c 0C000000 		.4byte	.LFE0
 1605 0010 00000000 		.4byte	.LFB4
 1606 0014 5C000000 		.4byte	.LFE4
 1607 0018 00000000 		.4byte	.LFB6
 1608 001c 40000000 		.4byte	.LFE6
 1609 0020 00000000 		.4byte	.LFB5
 1610 0024 0A000000 		.4byte	.LFE5
 1611 0028 5C000000 		.4byte	.LFB7
 1612 002c 1C010000 		.4byte	.LFE7
 1613 0030 00000000 		.4byte	0
 1614 0034 00000000 		.4byte	0
 1615              		.section	.debug_line,"",%progbits
 1616              	.Ldebug_line0:
 1617 0000 7F010000 		.section	.debug_str,"MS",%progbits,1
 1617      0200D000 
 1617      00000201 
 1617      FB0E0D00 
 1617      01010101 
 1618              	.LASF19:
 1619 0000 72656733 		.ascii	"reg32\000"
 1619      3200
 1620              	.LASF12:
 1621 0006 73697A65 		.ascii	"size_t\000"
 1621      5F7400
 1622              	.LASF32:
 1623 000d 416E616C 		.ascii	"AnalogSetDefault\000"
 1623      6F675365 
 1623      74446566 
 1623      61756C74 
 1623      00
 1624              	.LASF42:
ARM GAS  C:\Users\STUDEN~1\AppData\Local\Temp\ccyLgvMu.s 			page 37


 1625 001e 4379496E 		.ascii	"CyIntSetVector\000"
 1625      74536574 
 1625      56656374 
 1625      6F7200
 1626              	.LASF21:
 1627 002d 76616C75 		.ascii	"value\000"
 1627      6500
 1628              	.LASF26:
 1629 0033 636F756E 		.ascii	"count\000"
 1629      7400
 1630              	.LASF29:
 1631 0039 436C6F63 		.ascii	"ClockSetup\000"
 1631      6B536574 
 1631      757000
 1632              	.LASF35:
 1633 0044 63795F63 		.ascii	"cy_cfg_addr_table\000"
 1633      66675F61 
 1633      6464725F 
 1633      7461626C 
 1633      6500
 1634              	.LASF36:
 1635 0056 63795F63 		.ascii	"cy_cfg_data_table\000"
 1635      66675F64 
 1635      6174615F 
 1635      7461626C 
 1635      6500
 1636              	.LASF16:
 1637 0068 666C6F61 		.ascii	"float\000"
 1637      7400
 1638              	.LASF40:
 1639 006e 6366675F 		.ascii	"cfg_memset_list\000"
 1639      6D656D73 
 1639      65745F6C 
 1639      69737400 
 1640              	.LASF38:
 1641 007e 73697A65 		.ascii	"size\000"
 1641      00
 1642              	.LASF18:
 1643 0083 72656738 		.ascii	"reg8\000"
 1643      00
 1644              	.LASF8:
 1645 0088 6C6F6E67 		.ascii	"long unsigned int\000"
 1645      20756E73 
 1645      69676E65 
 1645      6420696E 
 1645      7400
 1646              	.LASF13:
 1647 009a 75696E74 		.ascii	"uint8\000"
 1647      3800
 1648              	.LASF28:
 1649 00a0 43594D45 		.ascii	"CYMEMZERO\000"
 1649      4D5A4552 
 1649      4F00
 1650              	.LASF33:
 1651 00aa 53657441 		.ascii	"SetAnalogRoutingPumps\000"
 1651      6E616C6F 
 1651      67526F75 
ARM GAS  C:\Users\STUDEN~1\AppData\Local\Temp\ccyLgvMu.s 			page 38


 1651      74696E67 
 1651      50756D70 
 1652              	.LASF4:
 1653 00c0 756E7369 		.ascii	"unsigned char\000"
 1653      676E6564 
 1653      20636861 
 1653      7200
 1654              	.LASF47:
 1655 00ce 6D656D73 		.ascii	"memset\000"
 1655      657400
 1656              	.LASF17:
 1657 00d5 646F7562 		.ascii	"double\000"
 1657      6C6500
 1658              	.LASF46:
 1659 00dc 433A5C55 		.ascii	"C:\\Users\\Student_11\\Documents\\PSoC Creator\\Vol"
 1659      73657273 
 1659      5C537475 
 1659      64656E74 
 1659      5F31315C 
 1660 010a 6F647961 		.ascii	"odya\\VolodyaRadioengenner\\Design01.cydsn\000"
 1660      5C566F6C 
 1660      6F647961 
 1660      52616469 
 1660      6F656E67 
 1661              	.LASF27:
 1662 0133 6366675F 		.ascii	"cfg_write_bytes32\000"
 1662      77726974 
 1662      655F6279 
 1662      74657333 
 1662      3200
 1663              	.LASF43:
 1664 0145 4379496E 		.ascii	"CyIntEnable\000"
 1664      74456E61 
 1664      626C6500 
 1665              	.LASF23:
 1666 0151 61646472 		.ascii	"addr_table\000"
 1666      5F746162 
 1666      6C6500
 1667              	.LASF14:
 1668 015c 75696E74 		.ascii	"uint16\000"
 1668      313600
 1669              	.LASF24:
 1670 0163 64617461 		.ascii	"data_table\000"
 1670      5F746162 
 1670      6C6500
 1671              	.LASF15:
 1672 016e 75696E74 		.ascii	"uint32\000"
 1672      333200
 1673              	.LASF0:
 1674 0175 756E7369 		.ascii	"unsigned int\000"
 1674      676E6564 
 1674      20696E74 
 1674      00
 1675              	.LASF34:
 1676 0182 63796669 		.ascii	"cyfitter_cfg\000"
 1676      74746572 
 1676      5F636667 
ARM GAS  C:\Users\STUDEN~1\AppData\Local\Temp\ccyLgvMu.s 			page 39


 1676      00
 1677              	.LASF37:
 1678 018f 61646472 		.ascii	"address\000"
 1678      65737300 
 1679              	.LASF9:
 1680 0197 6C6F6E67 		.ascii	"long long unsigned int\000"
 1680      206C6F6E 
 1680      6720756E 
 1680      7369676E 
 1680      65642069 
 1681              	.LASF44:
 1682 01ae 474E5520 		.ascii	"GNU C11 5.4.1 20160609 (release) [ARM/embedded-5-br"
 1682      43313120 
 1682      352E342E 
 1682      31203230 
 1682      31363036 
 1683 01e1 616E6368 		.ascii	"anch revision 237715] -mcpu=cortex-m0 -mthumb -g -O"
 1683      20726576 
 1683      6973696F 
 1683      6E203233 
 1683      37373135 
 1684 0214 67202D66 		.ascii	"g -ffunction-sections -ffat-lto-objects\000"
 1684      66756E63 
 1684      74696F6E 
 1684      2D736563 
 1684      74696F6E 
 1685              	.LASF39:
 1686 023c 6366675F 		.ascii	"cfg_memset_t\000"
 1686      6D656D73 
 1686      65745F74 
 1686      00
 1687              	.LASF25:
 1688 0249 62617365 		.ascii	"baseAddr\000"
 1688      41646472 
 1688      00
 1689              	.LASF10:
 1690 0252 73697A65 		.ascii	"sizetype\000"
 1690      74797065 
 1690      00
 1691              	.LASF6:
 1692 025b 73686F72 		.ascii	"short unsigned int\000"
 1692      7420756E 
 1692      7369676E 
 1692      65642069 
 1692      6E7400
 1693              	.LASF1:
 1694 026e 6C6F6E67 		.ascii	"long long int\000"
 1694      206C6F6E 
 1694      6720696E 
 1694      7400
 1695              	.LASF11:
 1696 027c 63686172 		.ascii	"char\000"
 1696      00
 1697              	.LASF22:
 1698 0281 63795F63 		.ascii	"cy_cfg_addrvalue_t\000"
 1698      66675F61 
 1698      64647276 
ARM GAS  C:\Users\STUDEN~1\AppData\Local\Temp\ccyLgvMu.s 			page 40


 1698      616C7565 
 1698      5F7400
 1699              	.LASF20:
 1700 0294 6F666673 		.ascii	"offset\000"
 1700      657400
 1701              	.LASF30:
 1702 029b 656E6162 		.ascii	"enabled\000"
 1702      6C656400 
 1703              	.LASF5:
 1704 02a3 73686F72 		.ascii	"short int\000"
 1704      7420696E 
 1704      7400
 1705              	.LASF41:
 1706 02ad 43795379 		.ascii	"CySysClkWriteImoFreq\000"
 1706      73436C6B 
 1706      57726974 
 1706      65496D6F 
 1706      46726571 
 1707              	.LASF7:
 1708 02c2 6C6F6E67 		.ascii	"long int\000"
 1708      20696E74 
 1708      00
 1709              	.LASF2:
 1710 02cb 6C6F6E67 		.ascii	"long double\000"
 1710      20646F75 
 1710      626C6500 
 1711              	.LASF3:
 1712 02d7 7369676E 		.ascii	"signed char\000"
 1712      65642063 
 1712      68617200 
 1713              	.LASF45:
 1714 02e3 47656E65 		.ascii	"Generated_Source\\PSoC4\\cyfitter_cfg.c\000"
 1714      72617465 
 1714      645F536F 
 1714      75726365 
 1714      5C50536F 
 1715              	.LASF31:
 1716 0309 72656756 		.ascii	"regValue\000"
 1716      616C7565 
 1716      00
 1717              		.ident	"GCC: (GNU Tools for ARM Embedded Processors) 5.4.1 20160609 (release) [ARM/embedded-5-bran
