ARM GAS  C:\Users\STUDEN~1\AppData\Local\Temp\cc4nIGLF.s 			page 1


   1              		.syntax unified
   2              		.cpu cortex-m0
   3              		.fpu softvfp
   4              		.eabi_attribute 20, 1
   5              		.eabi_attribute 21, 1
   6              		.eabi_attribute 23, 3
   7              		.eabi_attribute 24, 1
   8              		.eabi_attribute 25, 1
   9              		.eabi_attribute 26, 1
  10              		.eabi_attribute 30, 1
  11              		.eabi_attribute 34, 0
  12              		.eabi_attribute 18, 4
  13              		.thumb
  14              		.syntax unified
  15              		.file	"main.c"
  16              		.text
  17              	.Ltext0:
  18              		.cfi_sections	.debug_frame
  19              		.section	.text.main,"ax",%progbits
  20              		.align	2
  21              		.global	main
  22              		.code	16
  23              		.thumb_func
  24              		.type	main, %function
  25              	main:
  26              	.LFB32:
  27              		.file 1 "main.c"
   1:main.c        **** /* ========================================
   2:main.c        ****  *
   3:main.c        ****  * Copyright YOUR COMPANY, THE YEAR
   4:main.c        ****  * All Rights Reserved
   5:main.c        ****  * UNPUBLISHED, LICENSED SOFTWARE.
   6:main.c        ****  *
   7:main.c        ****  * CONFIDENTIAL AND PROPRIETARY INFORMATION
   8:main.c        ****  * WHICH IS THE PROPERTY OF your company.
   9:main.c        ****  *
  10:main.c        ****  * ========================================
  11:main.c        **** */
  12:main.c        **** #include "project.h"
  13:main.c        **** #define period 200
  14:main.c        **** 
  15:main.c        **** int main(void)
  16:main.c        **** {
  28              		.loc 1 16 0
  29              		.cfi_startproc
  30              		@ Volatile: function does not return.
  31              		@ args = 0, pretend = 0, frame = 0
  32              		@ frame_needed = 0, uses_anonymous_args = 0
  33 0000 10B5     		push	{r4, lr}
  34              		.cfi_def_cfa_offset 8
  35              		.cfi_offset 4, -8
  36              		.cfi_offset 14, -4
  17:main.c        ****     CyGlobalIntEnable; /* Enable global interrupts. */
  37              		.loc 1 17 0
  38              		.syntax divided
  39              	@ 17 "main.c" 1
  40 0002 62B6     		CPSIE   i
ARM GAS  C:\Users\STUDEN~1\AppData\Local\Temp\cc4nIGLF.s 			page 2


  41              	@ 0 "" 2
  18:main.c        **** 
  19:main.c        ****     /* Place your initialization/startup code here (e.g. MyInst_Start()) */
  20:main.c        **** 
  21:main.c        ****     IDAC_Start();
  42              		.loc 1 21 0
  43              		.thumb
  44              		.syntax unified
  45 0004 FFF7FEFF 		bl	IDAC_Start
  46              	.LVL0:
  47              	.L2:
  22:main.c        ****     
  23:main.c        ****     for(;;)
  24:main.c        ****     {
  25:main.c        ****         /* Place your application code here. */
  26:main.c        ****         IDAC_SetValue(0);
  48              		.loc 1 26 0 discriminator 1
  49 0008 0020     		movs	r0, #0
  50 000a FFF7FEFF 		bl	IDAC_SetValue
  51              	.LVL1:
  27:main.c        ****         CyDelay(25);
  52              		.loc 1 27 0 discriminator 1
  53 000e 1920     		movs	r0, #25
  54 0010 FFF7FEFF 		bl	CyDelay
  55              	.LVL2:
  28:main.c        ****         IDAC_SetValue(50);
  56              		.loc 1 28 0 discriminator 1
  57 0014 3220     		movs	r0, #50
  58 0016 FFF7FEFF 		bl	IDAC_SetValue
  59              	.LVL3:
  29:main.c        ****         CyDelay(period);
  60              		.loc 1 29 0 discriminator 1
  61 001a C820     		movs	r0, #200
  62 001c FFF7FEFF 		bl	CyDelay
  63              	.LVL4:
  30:main.c        ****         
  31:main.c        ****         
  32:main.c        ****         IDAC_SetValue(127);
  64              		.loc 1 32 0 discriminator 1
  65 0020 7F20     		movs	r0, #127
  66 0022 FFF7FEFF 		bl	IDAC_SetValue
  67              	.LVL5:
  33:main.c        ****         CyDelay(period);
  68              		.loc 1 33 0 discriminator 1
  69 0026 C820     		movs	r0, #200
  70 0028 FFF7FEFF 		bl	CyDelay
  71              	.LVL6:
  34:main.c        ****         
  35:main.c        ****         
  36:main.c        ****         
  37:main.c        ****         IDAC_SetValue(-127);
  72              		.loc 1 37 0 discriminator 1
  73 002c 7F24     		movs	r4, #127
  74 002e 6442     		rsbs	r4, r4, #0
  75 0030 2000     		movs	r0, r4
  76 0032 FFF7FEFF 		bl	IDAC_SetValue
  77              	.LVL7:
ARM GAS  C:\Users\STUDEN~1\AppData\Local\Temp\cc4nIGLF.s 			page 3


  38:main.c        ****         CyDelay(period);
  78              		.loc 1 38 0 discriminator 1
  79 0036 C820     		movs	r0, #200
  80 0038 FFF7FEFF 		bl	CyDelay
  81              	.LVL8:
  39:main.c        ****         IDAC_SetValue(-127);
  82              		.loc 1 39 0 discriminator 1
  83 003c 2000     		movs	r0, r4
  84 003e FFF7FEFF 		bl	IDAC_SetValue
  85              	.LVL9:
  40:main.c        ****         CyDelay(period);
  86              		.loc 1 40 0 discriminator 1
  87 0042 C820     		movs	r0, #200
  88 0044 FFF7FEFF 		bl	CyDelay
  89              	.LVL10:
  41:main.c        ****         IDAC_SetValue(50);
  90              		.loc 1 41 0 discriminator 1
  91 0048 3220     		movs	r0, #50
  92 004a FFF7FEFF 		bl	IDAC_SetValue
  93              	.LVL11:
  42:main.c        ****         CyDelay(period);
  94              		.loc 1 42 0 discriminator 1
  95 004e C820     		movs	r0, #200
  96 0050 FFF7FEFF 		bl	CyDelay
  97              	.LVL12:
  43:main.c        ****         IDAC_SetValue(50);
  98              		.loc 1 43 0 discriminator 1
  99 0054 3220     		movs	r0, #50
 100 0056 FFF7FEFF 		bl	IDAC_SetValue
 101              	.LVL13:
  44:main.c        ****         CyDelay(period);
 102              		.loc 1 44 0 discriminator 1
 103 005a C820     		movs	r0, #200
 104 005c FFF7FEFF 		bl	CyDelay
 105              	.LVL14:
  45:main.c        ****         IDAC_SetValue(0);
 106              		.loc 1 45 0 discriminator 1
 107 0060 0020     		movs	r0, #0
 108 0062 FFF7FEFF 		bl	IDAC_SetValue
 109              	.LVL15:
  46:main.c        ****         CyDelay(25);
 110              		.loc 1 46 0 discriminator 1
 111 0066 1920     		movs	r0, #25
 112 0068 FFF7FEFF 		bl	CyDelay
 113              	.LVL16:
 114 006c CCE7     		b	.L2
 115              		.cfi_endproc
 116              	.LFE32:
 117              		.size	main, .-main
 118 006e C046     		.text
 119              	.Letext0:
 120              		.file 2 "Generated_Source\\PSoC4/IDAC.h"
 121              		.file 3 "Generated_Source\\PSoC4/CyLib.h"
 122              		.section	.debug_info,"",%progbits
 123              	.Ldebug_info0:
 124 0000 07020000 		.4byte	0x207
 125 0004 0400     		.2byte	0x4
ARM GAS  C:\Users\STUDEN~1\AppData\Local\Temp\cc4nIGLF.s 			page 4


 126 0006 00000000 		.4byte	.Ldebug_abbrev0
 127 000a 04       		.byte	0x4
 128 000b 01       		.uleb128 0x1
 129 000c E7000000 		.4byte	.LASF17
 130 0010 0C       		.byte	0xc
 131 0011 1B000000 		.4byte	.LASF18
 132 0015 58000000 		.4byte	.LASF19
 133 0019 00000000 		.4byte	.Ldebug_ranges0+0
 134 001d 00000000 		.4byte	0
 135 0021 00000000 		.4byte	.Ldebug_line0
 136 0025 02       		.uleb128 0x2
 137 0026 01       		.byte	0x1
 138 0027 06       		.byte	0x6
 139 0028 88010000 		.4byte	.LASF0
 140 002c 02       		.uleb128 0x2
 141 002d 01       		.byte	0x1
 142 002e 08       		.byte	0x8
 143 002f AF000000 		.4byte	.LASF1
 144 0033 02       		.uleb128 0x2
 145 0034 02       		.byte	0x2
 146 0035 05       		.byte	0x5
 147 0036 CB000000 		.4byte	.LASF2
 148 003a 02       		.uleb128 0x2
 149 003b 02       		.byte	0x2
 150 003c 07       		.byte	0x7
 151 003d 75010000 		.4byte	.LASF3
 152 0041 02       		.uleb128 0x2
 153 0042 04       		.byte	0x4
 154 0043 05       		.byte	0x5
 155 0044 C2000000 		.4byte	.LASF4
 156 0048 02       		.uleb128 0x2
 157 0049 04       		.byte	0x4
 158 004a 07       		.byte	0x7
 159 004b 2F000000 		.4byte	.LASF5
 160 004f 02       		.uleb128 0x2
 161 0050 08       		.byte	0x8
 162 0051 05       		.byte	0x5
 163 0052 00000000 		.4byte	.LASF6
 164 0056 02       		.uleb128 0x2
 165 0057 08       		.byte	0x8
 166 0058 07       		.byte	0x7
 167 0059 41000000 		.4byte	.LASF7
 168 005d 03       		.uleb128 0x3
 169 005e 04       		.byte	0x4
 170 005f 05       		.byte	0x5
 171 0060 696E7400 		.ascii	"int\000"
 172 0064 02       		.uleb128 0x2
 173 0065 04       		.byte	0x4
 174 0066 07       		.byte	0x7
 175 0067 0E000000 		.4byte	.LASF8
 176 006b 02       		.uleb128 0x2
 177 006c 04       		.byte	0x4
 178 006d 04       		.byte	0x4
 179 006e AE010000 		.4byte	.LASF9
 180 0072 02       		.uleb128 0x2
 181 0073 08       		.byte	0x8
 182 0074 04       		.byte	0x4
ARM GAS  C:\Users\STUDEN~1\AppData\Local\Temp\cc4nIGLF.s 			page 5


 183 0075 D5000000 		.4byte	.LASF10
 184 0079 02       		.uleb128 0x2
 185 007a 01       		.byte	0x1
 186 007b 08       		.byte	0x8
 187 007c BD000000 		.4byte	.LASF11
 188 0080 02       		.uleb128 0x2
 189 0081 08       		.byte	0x8
 190 0082 04       		.byte	0x4
 191 0083 94010000 		.4byte	.LASF12
 192 0087 02       		.uleb128 0x2
 193 0088 04       		.byte	0x4
 194 0089 07       		.byte	0x7
 195 008a B4010000 		.4byte	.LASF13
 196 008e 04       		.uleb128 0x4
 197 008f 22000000 		.4byte	.LASF20
 198 0093 01       		.byte	0x1
 199 0094 0F       		.byte	0xf
 200 0095 5D000000 		.4byte	0x5d
 201 0099 00000000 		.4byte	.LFB32
 202 009d 6E000000 		.4byte	.LFE32-.LFB32
 203 00a1 01       		.uleb128 0x1
 204 00a2 9C       		.byte	0x9c
 205 00a3 E9010000 		.4byte	0x1e9
 206 00a7 05       		.uleb128 0x5
 207 00a8 08000000 		.4byte	.LVL0
 208 00ac E9010000 		.4byte	0x1e9
 209 00b0 06       		.uleb128 0x6
 210 00b1 0E000000 		.4byte	.LVL1
 211 00b5 F4010000 		.4byte	0x1f4
 212 00b9 C3000000 		.4byte	0xc3
 213 00bd 07       		.uleb128 0x7
 214 00be 01       		.uleb128 0x1
 215 00bf 50       		.byte	0x50
 216 00c0 01       		.uleb128 0x1
 217 00c1 30       		.byte	0x30
 218 00c2 00       		.byte	0
 219 00c3 06       		.uleb128 0x6
 220 00c4 14000000 		.4byte	.LVL2
 221 00c8 FF010000 		.4byte	0x1ff
 222 00cc D6000000 		.4byte	0xd6
 223 00d0 07       		.uleb128 0x7
 224 00d1 01       		.uleb128 0x1
 225 00d2 50       		.byte	0x50
 226 00d3 01       		.uleb128 0x1
 227 00d4 49       		.byte	0x49
 228 00d5 00       		.byte	0
 229 00d6 06       		.uleb128 0x6
 230 00d7 1A000000 		.4byte	.LVL3
 231 00db F4010000 		.4byte	0x1f4
 232 00df EA000000 		.4byte	0xea
 233 00e3 07       		.uleb128 0x7
 234 00e4 01       		.uleb128 0x1
 235 00e5 50       		.byte	0x50
 236 00e6 02       		.uleb128 0x2
 237 00e7 08       		.byte	0x8
 238 00e8 32       		.byte	0x32
 239 00e9 00       		.byte	0
ARM GAS  C:\Users\STUDEN~1\AppData\Local\Temp\cc4nIGLF.s 			page 6


 240 00ea 06       		.uleb128 0x6
 241 00eb 20000000 		.4byte	.LVL4
 242 00ef FF010000 		.4byte	0x1ff
 243 00f3 FE000000 		.4byte	0xfe
 244 00f7 07       		.uleb128 0x7
 245 00f8 01       		.uleb128 0x1
 246 00f9 50       		.byte	0x50
 247 00fa 02       		.uleb128 0x2
 248 00fb 08       		.byte	0x8
 249 00fc C8       		.byte	0xc8
 250 00fd 00       		.byte	0
 251 00fe 06       		.uleb128 0x6
 252 00ff 26000000 		.4byte	.LVL5
 253 0103 F4010000 		.4byte	0x1f4
 254 0107 12010000 		.4byte	0x112
 255 010b 07       		.uleb128 0x7
 256 010c 01       		.uleb128 0x1
 257 010d 50       		.byte	0x50
 258 010e 02       		.uleb128 0x2
 259 010f 08       		.byte	0x8
 260 0110 7F       		.byte	0x7f
 261 0111 00       		.byte	0
 262 0112 06       		.uleb128 0x6
 263 0113 2C000000 		.4byte	.LVL6
 264 0117 FF010000 		.4byte	0x1ff
 265 011b 26010000 		.4byte	0x126
 266 011f 07       		.uleb128 0x7
 267 0120 01       		.uleb128 0x1
 268 0121 50       		.byte	0x50
 269 0122 02       		.uleb128 0x2
 270 0123 08       		.byte	0x8
 271 0124 C8       		.byte	0xc8
 272 0125 00       		.byte	0
 273 0126 06       		.uleb128 0x6
 274 0127 36000000 		.4byte	.LVL7
 275 012b F4010000 		.4byte	0x1f4
 276 012f 3A010000 		.4byte	0x13a
 277 0133 07       		.uleb128 0x7
 278 0134 01       		.uleb128 0x1
 279 0135 50       		.byte	0x50
 280 0136 02       		.uleb128 0x2
 281 0137 74       		.byte	0x74
 282 0138 00       		.sleb128 0
 283 0139 00       		.byte	0
 284 013a 06       		.uleb128 0x6
 285 013b 3C000000 		.4byte	.LVL8
 286 013f FF010000 		.4byte	0x1ff
 287 0143 4E010000 		.4byte	0x14e
 288 0147 07       		.uleb128 0x7
 289 0148 01       		.uleb128 0x1
 290 0149 50       		.byte	0x50
 291 014a 02       		.uleb128 0x2
 292 014b 08       		.byte	0x8
 293 014c C8       		.byte	0xc8
 294 014d 00       		.byte	0
 295 014e 06       		.uleb128 0x6
 296 014f 42000000 		.4byte	.LVL9
ARM GAS  C:\Users\STUDEN~1\AppData\Local\Temp\cc4nIGLF.s 			page 7


 297 0153 F4010000 		.4byte	0x1f4
 298 0157 62010000 		.4byte	0x162
 299 015b 07       		.uleb128 0x7
 300 015c 01       		.uleb128 0x1
 301 015d 50       		.byte	0x50
 302 015e 02       		.uleb128 0x2
 303 015f 74       		.byte	0x74
 304 0160 00       		.sleb128 0
 305 0161 00       		.byte	0
 306 0162 06       		.uleb128 0x6
 307 0163 48000000 		.4byte	.LVL10
 308 0167 FF010000 		.4byte	0x1ff
 309 016b 76010000 		.4byte	0x176
 310 016f 07       		.uleb128 0x7
 311 0170 01       		.uleb128 0x1
 312 0171 50       		.byte	0x50
 313 0172 02       		.uleb128 0x2
 314 0173 08       		.byte	0x8
 315 0174 C8       		.byte	0xc8
 316 0175 00       		.byte	0
 317 0176 06       		.uleb128 0x6
 318 0177 4E000000 		.4byte	.LVL11
 319 017b F4010000 		.4byte	0x1f4
 320 017f 8A010000 		.4byte	0x18a
 321 0183 07       		.uleb128 0x7
 322 0184 01       		.uleb128 0x1
 323 0185 50       		.byte	0x50
 324 0186 02       		.uleb128 0x2
 325 0187 08       		.byte	0x8
 326 0188 32       		.byte	0x32
 327 0189 00       		.byte	0
 328 018a 06       		.uleb128 0x6
 329 018b 54000000 		.4byte	.LVL12
 330 018f FF010000 		.4byte	0x1ff
 331 0193 9E010000 		.4byte	0x19e
 332 0197 07       		.uleb128 0x7
 333 0198 01       		.uleb128 0x1
 334 0199 50       		.byte	0x50
 335 019a 02       		.uleb128 0x2
 336 019b 08       		.byte	0x8
 337 019c C8       		.byte	0xc8
 338 019d 00       		.byte	0
 339 019e 06       		.uleb128 0x6
 340 019f 5A000000 		.4byte	.LVL13
 341 01a3 F4010000 		.4byte	0x1f4
 342 01a7 B2010000 		.4byte	0x1b2
 343 01ab 07       		.uleb128 0x7
 344 01ac 01       		.uleb128 0x1
 345 01ad 50       		.byte	0x50
 346 01ae 02       		.uleb128 0x2
 347 01af 08       		.byte	0x8
 348 01b0 32       		.byte	0x32
 349 01b1 00       		.byte	0
 350 01b2 06       		.uleb128 0x6
 351 01b3 60000000 		.4byte	.LVL14
 352 01b7 FF010000 		.4byte	0x1ff
 353 01bb C6010000 		.4byte	0x1c6
ARM GAS  C:\Users\STUDEN~1\AppData\Local\Temp\cc4nIGLF.s 			page 8


 354 01bf 07       		.uleb128 0x7
 355 01c0 01       		.uleb128 0x1
 356 01c1 50       		.byte	0x50
 357 01c2 02       		.uleb128 0x2
 358 01c3 08       		.byte	0x8
 359 01c4 C8       		.byte	0xc8
 360 01c5 00       		.byte	0
 361 01c6 06       		.uleb128 0x6
 362 01c7 66000000 		.4byte	.LVL15
 363 01cb F4010000 		.4byte	0x1f4
 364 01cf D9010000 		.4byte	0x1d9
 365 01d3 07       		.uleb128 0x7
 366 01d4 01       		.uleb128 0x1
 367 01d5 50       		.byte	0x50
 368 01d6 01       		.uleb128 0x1
 369 01d7 30       		.byte	0x30
 370 01d8 00       		.byte	0
 371 01d9 08       		.uleb128 0x8
 372 01da 6C000000 		.4byte	.LVL16
 373 01de FF010000 		.4byte	0x1ff
 374 01e2 07       		.uleb128 0x7
 375 01e3 01       		.uleb128 0x1
 376 01e4 50       		.byte	0x50
 377 01e5 01       		.uleb128 0x1
 378 01e6 49       		.byte	0x49
 379 01e7 00       		.byte	0
 380 01e8 00       		.byte	0
 381 01e9 09       		.uleb128 0x9
 382 01ea DC000000 		.4byte	.LASF14
 383 01ee DC000000 		.4byte	.LASF14
 384 01f2 02       		.byte	0x2
 385 01f3 52       		.byte	0x52
 386 01f4 09       		.uleb128 0x9
 387 01f5 A0010000 		.4byte	.LASF15
 388 01f9 A0010000 		.4byte	.LASF15
 389 01fd 02       		.byte	0x2
 390 01fe 54       		.byte	0x54
 391 01ff 09       		.uleb128 0x9
 392 0200 27000000 		.4byte	.LASF16
 393 0204 27000000 		.4byte	.LASF16
 394 0208 03       		.byte	0x3
 395 0209 D9       		.byte	0xd9
 396 020a 00       		.byte	0
 397              		.section	.debug_abbrev,"",%progbits
 398              	.Ldebug_abbrev0:
 399 0000 01       		.uleb128 0x1
 400 0001 11       		.uleb128 0x11
 401 0002 01       		.byte	0x1
 402 0003 25       		.uleb128 0x25
 403 0004 0E       		.uleb128 0xe
 404 0005 13       		.uleb128 0x13
 405 0006 0B       		.uleb128 0xb
 406 0007 03       		.uleb128 0x3
 407 0008 0E       		.uleb128 0xe
 408 0009 1B       		.uleb128 0x1b
 409 000a 0E       		.uleb128 0xe
 410 000b 55       		.uleb128 0x55
ARM GAS  C:\Users\STUDEN~1\AppData\Local\Temp\cc4nIGLF.s 			page 9


 411 000c 17       		.uleb128 0x17
 412 000d 11       		.uleb128 0x11
 413 000e 01       		.uleb128 0x1
 414 000f 10       		.uleb128 0x10
 415 0010 17       		.uleb128 0x17
 416 0011 00       		.byte	0
 417 0012 00       		.byte	0
 418 0013 02       		.uleb128 0x2
 419 0014 24       		.uleb128 0x24
 420 0015 00       		.byte	0
 421 0016 0B       		.uleb128 0xb
 422 0017 0B       		.uleb128 0xb
 423 0018 3E       		.uleb128 0x3e
 424 0019 0B       		.uleb128 0xb
 425 001a 03       		.uleb128 0x3
 426 001b 0E       		.uleb128 0xe
 427 001c 00       		.byte	0
 428 001d 00       		.byte	0
 429 001e 03       		.uleb128 0x3
 430 001f 24       		.uleb128 0x24
 431 0020 00       		.byte	0
 432 0021 0B       		.uleb128 0xb
 433 0022 0B       		.uleb128 0xb
 434 0023 3E       		.uleb128 0x3e
 435 0024 0B       		.uleb128 0xb
 436 0025 03       		.uleb128 0x3
 437 0026 08       		.uleb128 0x8
 438 0027 00       		.byte	0
 439 0028 00       		.byte	0
 440 0029 04       		.uleb128 0x4
 441 002a 2E       		.uleb128 0x2e
 442 002b 01       		.byte	0x1
 443 002c 3F       		.uleb128 0x3f
 444 002d 19       		.uleb128 0x19
 445 002e 03       		.uleb128 0x3
 446 002f 0E       		.uleb128 0xe
 447 0030 3A       		.uleb128 0x3a
 448 0031 0B       		.uleb128 0xb
 449 0032 3B       		.uleb128 0x3b
 450 0033 0B       		.uleb128 0xb
 451 0034 27       		.uleb128 0x27
 452 0035 19       		.uleb128 0x19
 453 0036 49       		.uleb128 0x49
 454 0037 13       		.uleb128 0x13
 455 0038 8701     		.uleb128 0x87
 456 003a 19       		.uleb128 0x19
 457 003b 11       		.uleb128 0x11
 458 003c 01       		.uleb128 0x1
 459 003d 12       		.uleb128 0x12
 460 003e 06       		.uleb128 0x6
 461 003f 40       		.uleb128 0x40
 462 0040 18       		.uleb128 0x18
 463 0041 9742     		.uleb128 0x2117
 464 0043 19       		.uleb128 0x19
 465 0044 01       		.uleb128 0x1
 466 0045 13       		.uleb128 0x13
 467 0046 00       		.byte	0
ARM GAS  C:\Users\STUDEN~1\AppData\Local\Temp\cc4nIGLF.s 			page 10


 468 0047 00       		.byte	0
 469 0048 05       		.uleb128 0x5
 470 0049 898201   		.uleb128 0x4109
 471 004c 00       		.byte	0
 472 004d 11       		.uleb128 0x11
 473 004e 01       		.uleb128 0x1
 474 004f 31       		.uleb128 0x31
 475 0050 13       		.uleb128 0x13
 476 0051 00       		.byte	0
 477 0052 00       		.byte	0
 478 0053 06       		.uleb128 0x6
 479 0054 898201   		.uleb128 0x4109
 480 0057 01       		.byte	0x1
 481 0058 11       		.uleb128 0x11
 482 0059 01       		.uleb128 0x1
 483 005a 31       		.uleb128 0x31
 484 005b 13       		.uleb128 0x13
 485 005c 01       		.uleb128 0x1
 486 005d 13       		.uleb128 0x13
 487 005e 00       		.byte	0
 488 005f 00       		.byte	0
 489 0060 07       		.uleb128 0x7
 490 0061 8A8201   		.uleb128 0x410a
 491 0064 00       		.byte	0
 492 0065 02       		.uleb128 0x2
 493 0066 18       		.uleb128 0x18
 494 0067 9142     		.uleb128 0x2111
 495 0069 18       		.uleb128 0x18
 496 006a 00       		.byte	0
 497 006b 00       		.byte	0
 498 006c 08       		.uleb128 0x8
 499 006d 898201   		.uleb128 0x4109
 500 0070 01       		.byte	0x1
 501 0071 11       		.uleb128 0x11
 502 0072 01       		.uleb128 0x1
 503 0073 31       		.uleb128 0x31
 504 0074 13       		.uleb128 0x13
 505 0075 00       		.byte	0
 506 0076 00       		.byte	0
 507 0077 09       		.uleb128 0x9
 508 0078 2E       		.uleb128 0x2e
 509 0079 00       		.byte	0
 510 007a 3F       		.uleb128 0x3f
 511 007b 19       		.uleb128 0x19
 512 007c 3C       		.uleb128 0x3c
 513 007d 19       		.uleb128 0x19
 514 007e 6E       		.uleb128 0x6e
 515 007f 0E       		.uleb128 0xe
 516 0080 03       		.uleb128 0x3
 517 0081 0E       		.uleb128 0xe
 518 0082 3A       		.uleb128 0x3a
 519 0083 0B       		.uleb128 0xb
 520 0084 3B       		.uleb128 0x3b
 521 0085 0B       		.uleb128 0xb
 522 0086 00       		.byte	0
 523 0087 00       		.byte	0
 524 0088 00       		.byte	0
ARM GAS  C:\Users\STUDEN~1\AppData\Local\Temp\cc4nIGLF.s 			page 11


 525              		.section	.debug_aranges,"",%progbits
 526 0000 1C000000 		.4byte	0x1c
 527 0004 0200     		.2byte	0x2
 528 0006 00000000 		.4byte	.Ldebug_info0
 529 000a 04       		.byte	0x4
 530 000b 00       		.byte	0
 531 000c 0000     		.2byte	0
 532 000e 0000     		.2byte	0
 533 0010 00000000 		.4byte	.LFB32
 534 0014 6E000000 		.4byte	.LFE32-.LFB32
 535 0018 00000000 		.4byte	0
 536 001c 00000000 		.4byte	0
 537              		.section	.debug_ranges,"",%progbits
 538              	.Ldebug_ranges0:
 539 0000 00000000 		.4byte	.LFB32
 540 0004 6E000000 		.4byte	.LFE32
 541 0008 00000000 		.4byte	0
 542 000c 00000000 		.4byte	0
 543              		.section	.debug_line,"",%progbits
 544              	.Ldebug_line0:
 545 0000 B0000000 		.section	.debug_str,"MS",%progbits,1
 545      02004900 
 545      00000201 
 545      FB0E0D00 
 545      01010101 
 546              	.LASF6:
 547 0000 6C6F6E67 		.ascii	"long long int\000"
 547      206C6F6E 
 547      6720696E 
 547      7400
 548              	.LASF8:
 549 000e 756E7369 		.ascii	"unsigned int\000"
 549      676E6564 
 549      20696E74 
 549      00
 550              	.LASF18:
 551 001b 6D61696E 		.ascii	"main.c\000"
 551      2E6300
 552              	.LASF20:
 553 0022 6D61696E 		.ascii	"main\000"
 553      00
 554              	.LASF16:
 555 0027 43794465 		.ascii	"CyDelay\000"
 555      6C617900 
 556              	.LASF5:
 557 002f 6C6F6E67 		.ascii	"long unsigned int\000"
 557      20756E73 
 557      69676E65 
 557      6420696E 
 557      7400
 558              	.LASF7:
 559 0041 6C6F6E67 		.ascii	"long long unsigned int\000"
 559      206C6F6E 
 559      6720756E 
 559      7369676E 
 559      65642069 
 560              	.LASF19:
ARM GAS  C:\Users\STUDEN~1\AppData\Local\Temp\cc4nIGLF.s 			page 12


 561 0058 433A5C55 		.ascii	"C:\\Users\\Student_11\\Documents\\PSoC Creator\\Vol"
 561      73657273 
 561      5C537475 
 561      64656E74 
 561      5F31315C 
 562 0086 6F647961 		.ascii	"odya\\VolodyaRadioengenner\\Design01.cydsn\000"
 562      5C566F6C 
 562      6F647961 
 562      52616469 
 562      6F656E67 
 563              	.LASF1:
 564 00af 756E7369 		.ascii	"unsigned char\000"
 564      676E6564 
 564      20636861 
 564      7200
 565              	.LASF11:
 566 00bd 63686172 		.ascii	"char\000"
 566      00
 567              	.LASF4:
 568 00c2 6C6F6E67 		.ascii	"long int\000"
 568      20696E74 
 568      00
 569              	.LASF2:
 570 00cb 73686F72 		.ascii	"short int\000"
 570      7420696E 
 570      7400
 571              	.LASF10:
 572 00d5 646F7562 		.ascii	"double\000"
 572      6C6500
 573              	.LASF14:
 574 00dc 49444143 		.ascii	"IDAC_Start\000"
 574      5F537461 
 574      727400
 575              	.LASF17:
 576 00e7 474E5520 		.ascii	"GNU C11 5.4.1 20160609 (release) [ARM/embedded-5-br"
 576      43313120 
 576      352E342E 
 576      31203230 
 576      31363036 
 577 011a 616E6368 		.ascii	"anch revision 237715] -mcpu=cortex-m0 -mthumb -g -O"
 577      20726576 
 577      6973696F 
 577      6E203233 
 577      37373135 
 578 014d 67202D66 		.ascii	"g -ffunction-sections -ffat-lto-objects\000"
 578      66756E63 
 578      74696F6E 
 578      2D736563 
 578      74696F6E 
 579              	.LASF3:
 580 0175 73686F72 		.ascii	"short unsigned int\000"
 580      7420756E 
 580      7369676E 
 580      65642069 
 580      6E7400
 581              	.LASF0:
 582 0188 7369676E 		.ascii	"signed char\000"
ARM GAS  C:\Users\STUDEN~1\AppData\Local\Temp\cc4nIGLF.s 			page 13


 582      65642063 
 582      68617200 
 583              	.LASF12:
 584 0194 6C6F6E67 		.ascii	"long double\000"
 584      20646F75 
 584      626C6500 
 585              	.LASF15:
 586 01a0 49444143 		.ascii	"IDAC_SetValue\000"
 586      5F536574 
 586      56616C75 
 586      6500
 587              	.LASF9:
 588 01ae 666C6F61 		.ascii	"float\000"
 588      7400
 589              	.LASF13:
 590 01b4 73697A65 		.ascii	"sizetype\000"
 590      74797065 
 590      00
 591              		.ident	"GCC: (GNU Tools for ARM Embedded Processors) 5.4.1 20160609 (release) [ARM/embedded-5-bran
